This file contains any messages produced by compilers while
running configure, to aid debugging if configure makes a mistake.

It was created by cldvr configure 0.0.1, which was
generated by GNU Autoconf 2.68.  Invocation command line was

  $ ../configure ./out

## --------- ##
## Platform. ##
## --------- ##

hostname = 10390_np_03
uname -m = i686
uname -r = 3.2.0-43-generic-pae
uname -s = Linux
uname -v = #68-Ubuntu SMP Wed May 15 03:55:10 UTC 2013

/usr/bin/uname -p = unknown
/bin/uname -X     = unknown

/bin/arch              = unknown
/usr/bin/arch -k       = unknown
/usr/convex/getsysinfo = unknown
/usr/bin/hostinfo      = unknown
/bin/machine           = unknown
/usr/bin/oslevel       = unknown
/bin/universe          = unknown

PATH: /opt/arm-2011.03/bin
PATH: /opt/arm-eabi-4.4.3/bin
PATH: /usr/lib/lightdm/lightdm
PATH: /usr/local/sbin
PATH: /usr/local/bin
PATH: /usr/sbin
PATH: /usr/bin
PATH: /sbin
PATH: /bin
PATH: /usr/games
PATH: /home/limjh/bin


## ----------- ##
## Core tests. ##
## ----------- ##

configure:2153: checking for a BSD-compatible install
configure:2221: result: /usr/bin/install -c
configure:2232: checking whether build environment is sane
configure:2282: result: yes
configure:2423: checking for a thread-safe mkdir -p
configure:2462: result: /bin/mkdir -p
configure:2475: checking for gawk
configure:2505: result: no
configure:2475: checking for mawk
configure:2491: found /usr/bin/mawk
configure:2502: result: mawk
configure:2513: checking whether make sets $(MAKE)
configure:2535: result: yes
configure:2627: checking for ./out-gcc
configure:2657: result: no
configure:2667: checking for gcc
configure:2683: found /usr/bin/gcc
configure:2694: result: gcc
configure:2923: checking for C compiler version
configure:2932: gcc --version >&5
gcc (Ubuntu/Linaro 4.6.3-1ubuntu5) 4.6.3
Copyright (C) 2011 Free Software Foundation, Inc.
This is free software; see the source for copying conditions.  There is NO
warranty; not even for MERCHANTABILITY or FITNESS FOR A PARTICULAR PURPOSE.

configure:2943: $? = 0
configure:2932: gcc -v >&5
Using built-in specs.
COLLECT_GCC=gcc
COLLECT_LTO_WRAPPER=/usr/lib/gcc/i686-linux-gnu/4.6/lto-wrapper
Target: i686-linux-gnu
Configured with: ../src/configure -v --with-pkgversion='Ubuntu/Linaro 4.6.3-1ubuntu5' --with-bugurl=file:///usr/share/doc/gcc-4.6/README.Bugs --enable-languages=c,c++,fortran,objc,obj-c++ --prefix=/usr --program-suffix=-4.6 --enable-shared --enable-linker-build-id --with-system-zlib --libexecdir=/usr/lib --without-included-gettext --enable-threads=posix --with-gxx-include-dir=/usr/include/c++/4.6 --libdir=/usr/lib --enable-nls --with-sysroot=/ --enable-clocale=gnu --enable-libstdcxx-debug --enable-libstdcxx-time=yes --enable-gnu-unique-object --enable-plugin --enable-objc-gc --enable-targets=all --disable-werror --with-arch-32=i686 --with-tune=generic --enable-checking=release --build=i686-linux-gnu --host=i686-linux-gnu --target=i686-linux-gnu
Thread model: posix
gcc version 4.6.3 (Ubuntu/Linaro 4.6.3-1ubuntu5) 
configure:2943: $? = 0
configure:2932: gcc -V >&5
gcc: error: unrecognized option '-V'
gcc: fatal error: no input files
compilation terminated.
configure:2943: $? = 4
configure:2932: gcc -qversion >&5
gcc: error: unrecognized option '-qversion'
gcc: fatal error: no input files
compilation terminated.
configure:2943: $? = 4
configure:2963: checking whether the C compiler works
configure:2985: gcc    conftest.c  >&5
configure:2989: $? = 0
configure:3037: result: yes
configure:3040: checking for C compiler default output file name
configure:3042: result: a.out
configure:3048: checking for suffix of executables
configure:3055: gcc -o conftest    conftest.c  >&5
configure:3059: $? = 0
configure:3081: result: 
configure:3103: checking whether we are cross compiling
configure:3111: gcc -o conftest    conftest.c  >&5
configure:3115: $? = 0
configure:3122: ./conftest
configure:3126: $? = 0
configure:3141: result: no
configure:3146: checking for suffix of object files
configure:3168: gcc -c   conftest.c >&5
configure:3172: $? = 0
configure:3193: result: o
configure:3197: checking whether we are using the GNU C compiler
configure:3216: gcc -c   conftest.c >&5
configure:3216: $? = 0
configure:3225: result: yes
configure:3234: checking whether gcc accepts -g
configure:3254: gcc -c -g  conftest.c >&5
configure:3254: $? = 0
configure:3295: result: yes
configure:3312: checking for gcc option to accept ISO C89
configure:3376: gcc  -c -g -O2  conftest.c >&5
configure:3376: $? = 0
configure:3389: result: none needed
configure:3420: checking for style of include used by make
configure:3448: result: GNU
configure:3474: checking dependency style of gcc
configure:3585: result: gcc3
configure:3629: checking build system type
configure:3640: error: /bin/bash ../config.sub ./out failed

## ---------------- ##
## Cache variables. ##
## ---------------- ##

ac_cv_build=
ac_cv_c_compiler_gnu=yes
ac_cv_env_CC_set=
ac_cv_env_CC_value=
ac_cv_env_CFLAGS_set=
ac_cv_env_CFLAGS_value=
ac_cv_env_CPPFLAGS_set=
ac_cv_env_CPPFLAGS_value=
ac_cv_env_CPP_set=
ac_cv_env_CPP_value=
ac_cv_env_GST_CFLAGS_set=
ac_cv_env_GST_CFLAGS_value=
ac_cv_env_GST_LIBS_set=
ac_cv_env_GST_LIBS_value=
ac_cv_env_LDFLAGS_set=
ac_cv_env_LDFLAGS_value=
ac_cv_env_LIBS_set=
ac_cv_env_LIBS_value=
ac_cv_env_PKG_CONFIG_LIBDIR_set=
ac_cv_env_PKG_CONFIG_LIBDIR_value=
ac_cv_env_PKG_CONFIG_PATH_set=
ac_cv_env_PKG_CONFIG_PATH_value=
ac_cv_env_PKG_CONFIG_set=
ac_cv_env_PKG_CONFIG_value=
ac_cv_env_build_alias_set=set
ac_cv_env_build_alias_value=./out
ac_cv_env_host_alias_set=set
ac_cv_env_host_alias_value=./out
ac_cv_env_target_alias_set=set
ac_cv_env_target_alias_value=./out
ac_cv_objext=o
ac_cv_path_install='/usr/bin/install -c'
ac_cv_path_mkdir=/bin/mkdir
ac_cv_prog_AWK=mawk
ac_cv_prog_ac_ct_CC=gcc
ac_cv_prog_cc_c89=
ac_cv_prog_cc_g=yes
ac_cv_prog_make_make_set=yes
am_cv_CC_dependencies_compiler_type=gcc3

## ----------------- ##
## Output variables. ##
## ----------------- ##

ACLOCAL='${SHELL} /home/limjh/gst/missing --run aclocal-1.11'
AMDEPBACKSLASH='\'
AMDEP_FALSE='#'
AMDEP_TRUE=''
AMTAR='$${TAR-tar}'
AR=''
AUTOCONF='${SHELL} /home/limjh/gst/missing --run autoconf'
AUTOHEADER='${SHELL} /home/limjh/gst/missing --run autoheader'
AUTOMAKE='${SHELL} /home/limjh/gst/missing --run automake-1.11'
AWK='mawk'
CC='gcc'
CCDEPMODE='depmode=gcc3'
CFLAGS='-g -O2'
CPP=''
CPPFLAGS=''
CYGPATH_W='echo'
DEFS=''
DEPDIR='.deps'
DLLTOOL=''
DSYMUTIL=''
DUMPBIN=''
ECHO_C=''
ECHO_N='-n'
ECHO_T=''
EGREP=''
EXEEXT=''
FGREP=''
GREP=''
GST_CFLAGS=''
GST_LIBS=''
INSTALL_DATA='${INSTALL} -m 644'
INSTALL_PROGRAM='${INSTALL}'
INSTALL_SCRIPT='${INSTALL}'
INSTALL_STRIP_PROGRAM='$(install_sh) -c -s'
LD=''
LDFLAGS=''
LIBOBJS=''
LIBS=''
LIBTOOL=''
LIPO=''
LN_S=''
LTLIBOBJS=''
MAKEINFO='${SHELL} /home/limjh/gst/missing --run makeinfo'
MANIFEST_TOOL=''
MKDIR_P='/bin/mkdir -p'
NM=''
NMEDIT=''
OBJDUMP=''
OBJEXT='o'
OTOOL64=''
OTOOL=''
PACKAGE='cldvr'
PACKAGE_BUGREPORT='limjh@bokwang.com'
PACKAGE_NAME='cldvr'
PACKAGE_STRING='cldvr 0.0.1'
PACKAGE_TARNAME='cldvr'
PACKAGE_URL=''
PACKAGE_VERSION='0.0.1'
PATH_SEPARATOR=':'
PKG_CONFIG=''
PKG_CONFIG_LIBDIR=''
PKG_CONFIG_PATH=''
RANLIB=''
SED=''
SET_MAKE=''
SHELL='/bin/bash'
STRIP=''
VERSION='0.0.1'
ac_ct_AR=''
ac_ct_CC='gcc'
ac_ct_DUMPBIN=''
am__EXEEXT_FALSE=''
am__EXEEXT_TRUE=''
am__fastdepCC_FALSE='#'
am__fastdepCC_TRUE=''
am__include='include'
am__isrc=' -I$(srcdir)'
am__leading_dot='.'
am__nodep='_no'
am__quote=''
am__tar='$${TAR-tar} chof - "$$tardir"'
am__untar='$${TAR-tar} xf -'
bindir='${exec_prefix}/bin'
build='./out'
build_alias='./out'
build_cpu=''
build_os=''
build_vendor=''
datadir='${datarootdir}'
datarootdir='${prefix}/share'
docdir='${datarootdir}/doc/${PACKAGE_TARNAME}'
dvidir='${docdir}'
exec_prefix='NONE'
host='./out'
host_alias='./out'
host_cpu=''
host_os=''
host_vendor=''
htmldir='${docdir}'
includedir='${prefix}/include'
infodir='${datarootdir}/info'
install_sh='${SHELL} /home/limjh/gst/install-sh'
libdir='${exec_prefix}/lib'
libexecdir='${exec_prefix}/libexec'
localedir='${datarootdir}/locale'
localstatedir='${prefix}/var'
mandir='${datarootdir}/man'
mkdir_p='/bin/mkdir -p'
oldincludedir='/usr/include'
pdfdir='${docdir}'
prefix='NONE'
program_transform_name='s,x,x,'
psdir='${docdir}'
sbindir='${exec_prefix}/sbin'
sharedstatedir='${prefix}/com'
sysconfdir='${prefix}/etc'
target_alias='./out'

## ----------- ##
## confdefs.h. ##
## ----------- ##

/* confdefs.h */
#define PACKAGE_NAME "cldvr"
#define PACKAGE_TARNAME "cldvr"
#define PACKAGE_VERSION "0.0.1"
#define PACKAGE_STRING "cldvr 0.0.1"
#define PACKAGE_BUGREPORT "limjh@bokwang.com"
#define PACKAGE_URL ""
#define PACKAGE "cldvr"
#define VERSION "0.0.1"

configure: exit 1
