This file contains any messages produced by compilers while
running configure, to aid debugging if configure makes a mistake.

It was created by Cheese configure 3.10.2, which was
generated by GNU Autoconf 2.69.  Invocation command line was

  $ ./configure 

## --------- ##
## Platform. ##
## --------- ##

hostname = opx_vbox
uname -m = x86_64
uname -r = 3.19.0-25-generic
uname -s = Linux
uname -v = #26~14.04.1-Ubuntu SMP Fri Jul 24 21:16:20 UTC 2015

/usr/bin/uname -p = unknown
/bin/uname -X     = unknown

/bin/arch              = unknown
/usr/bin/arch -k       = unknown
/usr/convex/getsysinfo = unknown
/usr/bin/hostinfo      = unknown
/bin/machine           = unknown
/usr/bin/oslevel       = unknown
/bin/universe          = unknown

PATH: /usr/local/sbin
PATH: /usr/local/bin
PATH: /usr/sbin
PATH: /usr/bin
PATH: /sbin
PATH: /bin
PATH: /usr/games
PATH: /usr/local/games
PATH: /opt/crosstools/arm-cortex_a9-eabi-4.7-eglibc-2.18/bin/
PATH: /root/bin


## ----------- ##
## Core tests. ##
## ----------- ##

configure:2487: checking for a BSD-compatible install
configure:2555: result: /usr/bin/install -c
configure:2566: checking whether build environment is sane
configure:2621: result: yes
configure:2772: checking for a thread-safe mkdir -p
configure:2811: result: /bin/mkdir -p
configure:2818: checking for gawk
configure:2848: result: no
configure:2818: checking for mawk
configure:2834: found /usr/bin/mawk
configure:2845: result: mawk
configure:2856: checking whether make sets $(MAKE)
configure:2878: result: yes
configure:2907: checking whether make supports nested variables
configure:2924: result: yes
configure:3000: checking whether to enable maintainer-specific portions of Makefiles
configure:3009: result: yes
configure:3033: checking whether make supports nested variables
configure:3050: result: yes
configure:3111: checking for gcc
configure:3127: found /usr/bin/gcc
configure:3138: result: gcc
configure:3367: checking for C compiler version
configure:3376: gcc --version >&5
gcc (Ubuntu 4.8.4-2ubuntu1~14.04) 4.8.4
Copyright (C) 2013 Free Software Foundation, Inc.
This is free software; see the source for copying conditions.  There is NO
warranty; not even for MERCHANTABILITY or FITNESS FOR A PARTICULAR PURPOSE.

configure:3387: $? = 0
configure:3376: gcc -v >&5
Using built-in specs.
COLLECT_GCC=gcc
COLLECT_LTO_WRAPPER=/usr/lib/gcc/x86_64-linux-gnu/4.8/lto-wrapper
Target: x86_64-linux-gnu
Configured with: ../src/configure -v --with-pkgversion='Ubuntu 4.8.4-2ubuntu1~14.04' --with-bugurl=file:///usr/share/doc/gcc-4.8/README.Bugs --enable-languages=c,c++,java,go,d,fortran,objc,obj-c++ --prefix=/usr --program-suffix=-4.8 --enable-shared --enable-linker-build-id --libexecdir=/usr/lib --without-included-gettext --enable-threads=posix --with-gxx-include-dir=/usr/include/c++/4.8 --libdir=/usr/lib --enable-nls --with-sysroot=/ --enable-clocale=gnu --enable-libstdcxx-debug --enable-libstdcxx-time=yes --enable-gnu-unique-object --disable-libmudflap --enable-plugin --with-system-zlib --disable-browser-plugin --enable-java-awt=gtk --enable-gtk-cairo --with-java-home=/usr/lib/jvm/java-1.5.0-gcj-4.8-amd64/jre --enable-java-home --with-jvm-root-dir=/usr/lib/jvm/java-1.5.0-gcj-4.8-amd64 --with-jvm-jar-dir=/usr/lib/jvm-exports/java-1.5.0-gcj-4.8-amd64 --with-arch-directory=amd64 --with-ecj-jar=/usr/share/java/eclipse-ecj.jar --enable-objc-gc --enable-multiarch --disable-werror --with-arch-32=i686 --with-abi=m64 --with-multilib-list=m32,m64,mx32 --with-tune=generic --enable-checking=release --build=x86_64-linux-gnu --host=x86_64-linux-gnu --target=x86_64-linux-gnu
Thread model: posix
gcc version 4.8.4 (Ubuntu 4.8.4-2ubuntu1~14.04) 
configure:3387: $? = 0
configure:3376: gcc -V >&5
gcc: error: unrecognized command line option '-V'
gcc: fatal error: no input files
compilation terminated.
configure:3387: $? = 4
configure:3376: gcc -qversion >&5
gcc: error: unrecognized command line option '-qversion'
gcc: fatal error: no input files
compilation terminated.
configure:3387: $? = 4
configure:3407: checking whether the C compiler works
configure:3429: gcc    conftest.c  >&5
configure:3433: $? = 0
configure:3481: result: yes
configure:3484: checking for C compiler default output file name
configure:3486: result: a.out
configure:3492: checking for suffix of executables
configure:3499: gcc -o conftest    conftest.c  >&5
configure:3503: $? = 0
configure:3525: result: 
configure:3547: checking whether we are cross compiling
configure:3555: gcc -o conftest    conftest.c  >&5
configure:3559: $? = 0
configure:3566: ./conftest
configure:3570: $? = 0
configure:3585: result: no
configure:3590: checking for suffix of object files
configure:3612: gcc -c   conftest.c >&5
configure:3616: $? = 0
configure:3637: result: o
configure:3641: checking whether we are using the GNU C compiler
configure:3660: gcc -c   conftest.c >&5
configure:3660: $? = 0
configure:3669: result: yes
configure:3678: checking whether gcc accepts -g
configure:3698: gcc -c -g  conftest.c >&5
configure:3698: $? = 0
configure:3739: result: yes
configure:3756: checking for gcc option to accept ISO C89
configure:3819: gcc  -c -g -O2  conftest.c >&5
configure:3819: $? = 0
configure:3832: result: none needed
configure:3863: checking for style of include used by make
configure:3891: result: GNU
configure:3917: checking dependency style of gcc
configure:4028: result: gcc3
configure:4044: checking whether gcc and cc understand -c and -o together
configure:4075: gcc -c conftest.c -o conftest2.o >&5
configure:4079: $? = 0
configure:4085: gcc -c conftest.c -o conftest2.o >&5
configure:4089: $? = 0
configure:4100: cc -c conftest.c >&5
configure:4104: $? = 0
configure:4112: cc -c conftest.c -o conftest2.o >&5
configure:4116: $? = 0
configure:4122: cc -c conftest.c -o conftest2.o >&5
configure:4126: $? = 0
configure:4144: result: yes
configure:4171: checking for valac
configure:4189: found /usr/bin/valac
configure:4202: result: /usr/bin/valac
configure:4211: checking whether /usr/bin/valac is at least version 0.18.0
configure:4219: result: yes
configure:4272: checking build system type
configure:4286: result: x86_64-unknown-linux-gnu
configure:4306: checking host system type
configure:4319: result: x86_64-unknown-linux-gnu
configure:4360: checking how to print strings
configure:4387: result: printf
configure:4408: checking for a sed that does not truncate output
configure:4472: result: /bin/sed
configure:4490: checking for grep that handles long lines and -e
configure:4548: result: /bin/grep
configure:4553: checking for egrep
configure:4615: result: /bin/grep -E
configure:4620: checking for fgrep
configure:4682: result: /bin/grep -F
configure:4717: checking for ld used by gcc
configure:4784: result: /usr/bin/ld
configure:4791: checking if the linker (/usr/bin/ld) is GNU ld
configure:4806: result: yes
configure:4818: checking for BSD- or MS-compatible name lister (nm)
configure:4867: result: /usr/bin/nm -B
configure:4997: checking the name lister (/usr/bin/nm -B) interface
configure:5004: gcc -c -g -O2  conftest.c >&5
configure:5007: /usr/bin/nm -B "conftest.o"
configure:5010: output
0000000000000000 B some_variable
configure:5017: result: BSD nm
configure:5020: checking whether ln -s works
configure:5027: result: no, using cp -pR
configure:5032: checking the maximum length of command line arguments
configure:5162: result: 1572864
configure:5179: checking whether the shell understands some XSI constructs
configure:5189: result: yes
configure:5193: checking whether the shell understands "+="
configure:5199: result: yes
configure:5234: checking how to convert x86_64-unknown-linux-gnu file names to x86_64-unknown-linux-gnu format
configure:5274: result: func_convert_file_noop
configure:5281: checking how to convert x86_64-unknown-linux-gnu file names to toolchain format
configure:5301: result: func_convert_file_noop
configure:5308: checking for /usr/bin/ld option to reload object files
configure:5315: result: -r
configure:5389: checking for objdump
configure:5405: found /usr/bin/objdump
configure:5416: result: objdump
configure:5448: checking how to recognize dependent libraries
configure:5650: result: pass_all
configure:5735: checking for dlltool
configure:5765: result: no
configure:5795: checking how to associate runtime and link libraries
configure:5822: result: printf %s\n
configure:5883: checking for ar
configure:5899: found /usr/bin/ar
configure:5910: result: ar
configure:5947: checking for archiver @FILE support
configure:5964: gcc -c -g -O2  conftest.c >&5
configure:5964: $? = 0
configure:5967: ar cru libconftest.a @conftest.lst >&5
configure:5970: $? = 0
configure:5975: ar cru libconftest.a @conftest.lst >&5
ar: conftest.o: No such file or directory
configure:5978: $? = 1
configure:5990: result: @
configure:6048: checking for strip
configure:6064: found /usr/bin/strip
configure:6075: result: strip
configure:6147: checking for ranlib
configure:6163: found /usr/bin/ranlib
configure:6174: result: ranlib
configure:6276: checking command to parse /usr/bin/nm -B output from gcc object
configure:6396: gcc -c -g -O2  conftest.c >&5
configure:6399: $? = 0
configure:6403: /usr/bin/nm -B conftest.o \| sed -n -e 's/^.*[ ]\([ABCDGIRSTW][ABCDGIRSTW]*\)[ ][ ]*\([_A-Za-z][_A-Za-z0-9]*\)$/\1 \2 \2/p' | sed '/ __gnu_lto/d' \> conftest.nm
configure:6406: $? = 0
configure:6472: gcc -o conftest -g -O2   conftest.c conftstm.o >&5
configure:6475: $? = 0
configure:6513: result: ok
configure:6550: checking for sysroot
configure:6580: result: no
configure:6657: gcc -c -g -O2  conftest.c >&5
configure:6660: $? = 0
configure:6842: checking for mt
configure:6858: found /bin/mt
configure:6869: result: mt
configure:6892: checking if mt is a manifest tool
configure:6898: mt '-?'
configure:6906: result: no
configure:7548: checking how to run the C preprocessor
configure:7579: gcc -E  conftest.c
configure:7579: $? = 0
configure:7593: gcc -E  conftest.c
conftest.c:9:28: fatal error: ac_nonexistent.h: No such file or directory
 #include <ac_nonexistent.h>
                            ^
compilation terminated.
configure:7593: $? = 1
configure: failed program was:
| /* confdefs.h */
| #define PACKAGE_NAME "Cheese"
| #define PACKAGE_TARNAME "cheese"
| #define PACKAGE_VERSION "3.10.2"
| #define PACKAGE_STRING "Cheese 3.10.2"
| #define PACKAGE_BUGREPORT "https://bugzilla.gnome.org/enter_bug.cgi?product=cheese"
| #define PACKAGE_URL "http://projects.gnome.org/cheese/"
| /* end confdefs.h.  */
| #include <ac_nonexistent.h>
configure:7618: result: gcc -E
configure:7638: gcc -E  conftest.c
configure:7638: $? = 0
configure:7652: gcc -E  conftest.c
conftest.c:9:28: fatal error: ac_nonexistent.h: No such file or directory
 #include <ac_nonexistent.h>
                            ^
compilation terminated.
configure:7652: $? = 1
configure: failed program was:
| /* confdefs.h */
| #define PACKAGE_NAME "Cheese"
| #define PACKAGE_TARNAME "cheese"
| #define PACKAGE_VERSION "3.10.2"
| #define PACKAGE_STRING "Cheese 3.10.2"
| #define PACKAGE_BUGREPORT "https://bugzilla.gnome.org/enter_bug.cgi?product=cheese"
| #define PACKAGE_URL "http://projects.gnome.org/cheese/"
| /* end confdefs.h.  */
| #include <ac_nonexistent.h>
configure:7681: checking for ANSI C header files
configure:7701: gcc -c -g -O2  conftest.c >&5
configure:7701: $? = 0
configure:7774: gcc -o conftest -g -O2   conftest.c  >&5
configure:7774: $? = 0
configure:7774: ./conftest
configure:7774: $? = 0
configure:7785: result: yes
configure:7798: checking for sys/types.h
configure:7798: gcc -c -g -O2  conftest.c >&5
configure:7798: $? = 0
configure:7798: result: yes
configure:7798: checking for sys/stat.h
configure:7798: gcc -c -g -O2  conftest.c >&5
configure:7798: $? = 0
configure:7798: result: yes
configure:7798: checking for stdlib.h
configure:7798: gcc -c -g -O2  conftest.c >&5
configure:7798: $? = 0
configure:7798: result: yes
configure:7798: checking for string.h
configure:7798: gcc -c -g -O2  conftest.c >&5
configure:7798: $? = 0
configure:7798: result: yes
configure:7798: checking for memory.h
configure:7798: gcc -c -g -O2  conftest.c >&5
configure:7798: $? = 0
configure:7798: result: yes
configure:7798: checking for strings.h
configure:7798: gcc -c -g -O2  conftest.c >&5
configure:7798: $? = 0
configure:7798: result: yes
configure:7798: checking for inttypes.h
configure:7798: gcc -c -g -O2  conftest.c >&5
configure:7798: $? = 0
configure:7798: result: yes
configure:7798: checking for stdint.h
configure:7798: gcc -c -g -O2  conftest.c >&5
configure:7798: $? = 0
configure:7798: result: yes
configure:7798: checking for unistd.h
configure:7798: gcc -c -g -O2  conftest.c >&5
configure:7798: $? = 0
configure:7798: result: yes
configure:7812: checking for dlfcn.h
configure:7812: gcc -c -g -O2  conftest.c >&5
configure:7812: $? = 0
configure:7812: result: yes
configure:8017: checking for objdir
configure:8032: result: .libs
configure:8303: checking if gcc supports -fno-rtti -fno-exceptions
configure:8321: gcc -c -g -O2  -fno-rtti -fno-exceptions conftest.c >&5
cc1: warning: command line option '-fno-rtti' is valid for C++/ObjC++ but not for C [enabled by default]
configure:8325: $? = 0
configure:8338: result: no
configure:8665: checking for gcc option to produce PIC
configure:8672: result: -fPIC -DPIC
configure:8680: checking if gcc PIC flag -fPIC -DPIC works
configure:8698: gcc -c -g -O2  -fPIC -DPIC -DPIC conftest.c >&5
configure:8702: $? = 0
configure:8715: result: yes
configure:8744: checking if gcc static flag -static works
configure:8772: result: yes
configure:8787: checking if gcc supports -c -o file.o
configure:8808: gcc -c -g -O2  -o out/conftest2.o conftest.c >&5
configure:8812: $? = 0
configure:8834: result: yes
configure:8842: checking if gcc supports -c -o file.o
configure:8889: result: yes
configure:8922: checking whether the gcc linker (/usr/bin/ld -m elf_x86_64) supports shared libraries
configure:10075: result: yes
configure:10112: checking whether -lc should be explicitly linked in
configure:10120: gcc -c -g -O2  conftest.c >&5
configure:10123: $? = 0
configure:10138: gcc -shared  -fPIC -DPIC conftest.o  -v -Wl,-soname -Wl,conftest -o conftest 2\>\&1 \| /bin/grep  -lc  \>/dev/null 2\>\&1
configure:10141: $? = 0
configure:10155: result: no
configure:10315: checking dynamic linker characteristics
configure:10826: gcc -o conftest -g -O2   -Wl,-rpath -Wl,/foo conftest.c  >&5
configure:10826: $? = 0
configure:11052: result: GNU/Linux ld.so
configure:11159: checking how to hardcode library paths into programs
configure:11184: result: immediate
configure:11724: checking whether stripping libraries is possible
configure:11729: result: yes
configure:11764: checking if libtool supports shared libraries
configure:11766: result: yes
configure:11769: checking whether to build shared libraries
configure:11790: result: yes
configure:11793: checking whether to build static libraries
configure:11797: result: no
configure:11889: checking for pkg-config
configure:11907: found /usr/bin/pkg-config
configure:11919: result: /usr/bin/pkg-config
configure:11944: checking pkg-config is at least version 0.24
configure:11947: result: yes
configure:12029: checking whether gcc understands -Wall
configure:12042: gcc -c -g -O2 -Wall  conftest.c >&5
configure:12042: $? = 0
configure:12049: result: yes
configure:12029: checking whether gcc understands -Wstrict-prototypes
configure:12042: gcc -c -g -O2 -Wstrict-prototypes  conftest.c >&5
conftest.c:23:1: warning: function declaration isn't a prototype [-Wstrict-prototypes]
 main ()
 ^
configure:12042: $? = 0
configure:12049: result: yes
configure:12029: checking whether gcc understands -Wnested-externs
configure:12042: gcc -c -g -O2 -Wnested-externs  conftest.c >&5
configure:12042: $? = 0
configure:12049: result: yes
configure:12029: checking whether gcc understands -Werror=missing-prototypes
configure:12042: gcc -c -g -O2 -Werror=missing-prototypes  conftest.c >&5
configure:12042: $? = 0
configure:12049: result: yes
configure:12029: checking whether gcc understands -Werror=implicit-function-declaration
configure:12042: gcc -c -g -O2 -Werror=implicit-function-declaration  conftest.c >&5
configure:12042: $? = 0
configure:12049: result: yes
configure:12029: checking whether gcc understands -Werror=pointer-arith
configure:12042: gcc -c -g -O2 -Werror=pointer-arith  conftest.c >&5
configure:12042: $? = 0
configure:12049: result: yes
configure:12029: checking whether gcc understands -Werror=init-self
configure:12042: gcc -c -g -O2 -Werror=init-self  conftest.c >&5
configure:12042: $? = 0
configure:12049: result: yes
configure:12029: checking whether gcc understands -Werror=format-security
configure:12042: gcc -c -g -O2 -Werror=format-security  conftest.c >&5
configure:12042: $? = 0
configure:12049: result: yes
configure:12029: checking whether gcc understands -Werror=format=2
configure:12042: gcc -c -g -O2 -Werror=format=2  conftest.c >&5
configure:12042: $? = 0
configure:12049: result: yes
configure:12029: checking whether gcc understands -Werror=missing-include-dirs
configure:12042: gcc -c -g -O2 -Werror=missing-include-dirs  conftest.c >&5
configure:12042: $? = 0
configure:12049: result: yes
configure:12059: checking what warning flags to pass to the C compiler
configure:12061: result:  -Wall -Wstrict-prototypes -Wnested-externs -Werror=missing-prototypes -Werror=implicit-function-declaration -Werror=pointer-arith -Werror=init-self -Werror=format-security -Werror=format=2 -Werror=missing-include-dirs
configure:12072: checking what language compliance flags to pass to the C compiler
configure:12087: result: 
configure:12120: checking whether NLS is requested
configure:12129: result: yes
configure:12147: checking for intltool >= 0.50.0
configure:12149: result: 0.50.2 found
configure:12157: checking for intltool-update
configure:12175: found /usr/bin/intltool-update
configure:12187: result: /usr/bin/intltool-update
configure:12197: checking for intltool-merge
configure:12215: found /usr/bin/intltool-merge
configure:12227: result: /usr/bin/intltool-merge
configure:12237: checking for intltool-extract
configure:12255: found /usr/bin/intltool-extract
configure:12267: result: /usr/bin/intltool-extract
configure:12421: checking for xgettext
configure:12439: found /usr/bin/xgettext
configure:12451: result: /usr/bin/xgettext
configure:12461: checking for msgmerge
configure:12479: found /usr/bin/msgmerge
configure:12491: result: /usr/bin/msgmerge
configure:12501: checking for msgfmt
configure:12519: found /usr/bin/msgfmt
configure:12531: result: /usr/bin/msgfmt
configure:12541: checking for gmsgfmt
configure:12572: result: /usr/bin/msgfmt
configure:12592: checking for perl
configure:12610: found /usr/bin/perl
configure:12622: result: /usr/bin/perl
configure:12633: checking for perl >= 5.8.1
configure:12640: result: 5.18.2
configure:12644: checking for XML::Parser
configure:12647: result: ok
configure:12672: gcc -o conftest -g -O2   conftest.c  >&5
configure:12672: $? = 0
configure:12728: checking host operating system
configure:12732: result: Linux
configure:12740: checking for gudev-1.0
configure:12744: $PKG_CONFIG --exists --print-errors "$UDEV_REQUIRED"
configure:12747: $? = 0
configure:12749: result: found
configure:12764: checking sys/videoio.h usability
configure:12764: gcc -c -g -O2  conftest.c >&5
conftest.c:56:25: fatal error: sys/videoio.h: No such file or directory
 #include <sys/videoio.h>
                         ^
compilation terminated.
configure:12764: $? = 1
configure: failed program was:
| /* confdefs.h */
| #define PACKAGE_NAME "Cheese"
| #define PACKAGE_TARNAME "cheese"
| #define PACKAGE_VERSION "3.10.2"
| #define PACKAGE_STRING "Cheese 3.10.2"
| #define PACKAGE_BUGREPORT "https://bugzilla.gnome.org/enter_bug.cgi?product=cheese"
| #define PACKAGE_URL "http://projects.gnome.org/cheese/"
| #define STDC_HEADERS 1
| #define HAVE_SYS_TYPES_H 1
| #define HAVE_SYS_STAT_H 1
| #define HAVE_STDLIB_H 1
| #define HAVE_STRING_H 1
| #define HAVE_MEMORY_H 1
| #define HAVE_STRINGS_H 1
| #define HAVE_INTTYPES_H 1
| #define HAVE_STDINT_H 1
| #define HAVE_UNISTD_H 1
| #define HAVE_DLFCN_H 1
| #define LT_OBJDIR ".libs/"
| #define GETTEXT_PACKAGE "cheese"
| #define HAVE_UDEV /**/
| /* end confdefs.h.  */
| #include <stdio.h>
| #ifdef HAVE_SYS_TYPES_H
| # include <sys/types.h>
| #endif
| #ifdef HAVE_SYS_STAT_H
| # include <sys/stat.h>
| #endif
| #ifdef STDC_HEADERS
| # include <stdlib.h>
| # include <stddef.h>
| #else
| # ifdef HAVE_STDLIB_H
| #  include <stdlib.h>
| # endif
| #endif
| #ifdef HAVE_STRING_H
| # if !defined STDC_HEADERS && defined HAVE_MEMORY_H
| #  include <memory.h>
| # endif
| # include <string.h>
| #endif
| #ifdef HAVE_STRINGS_H
| # include <strings.h>
| #endif
| #ifdef HAVE_INTTYPES_H
| # include <inttypes.h>
| #endif
| #ifdef HAVE_STDINT_H
| # include <stdint.h>
| #endif
| #ifdef HAVE_UNISTD_H
| # include <unistd.h>
| #endif
| #include <sys/videoio.h>
configure:12764: result: no
configure:12764: checking sys/videoio.h presence
configure:12764: gcc -E  conftest.c
conftest.c:23:25: fatal error: sys/videoio.h: No such file or directory
 #include <sys/videoio.h>
                         ^
compilation terminated.
configure:12764: $? = 1
configure: failed program was:
| /* confdefs.h */
| #define PACKAGE_NAME "Cheese"
| #define PACKAGE_TARNAME "cheese"
| #define PACKAGE_VERSION "3.10.2"
| #define PACKAGE_STRING "Cheese 3.10.2"
| #define PACKAGE_BUGREPORT "https://bugzilla.gnome.org/enter_bug.cgi?product=cheese"
| #define PACKAGE_URL "http://projects.gnome.org/cheese/"
| #define STDC_HEADERS 1
| #define HAVE_SYS_TYPES_H 1
| #define HAVE_SYS_STAT_H 1
| #define HAVE_STDLIB_H 1
| #define HAVE_STRING_H 1
| #define HAVE_MEMORY_H 1
| #define HAVE_STRINGS_H 1
| #define HAVE_INTTYPES_H 1
| #define HAVE_STDINT_H 1
| #define HAVE_UNISTD_H 1
| #define HAVE_DLFCN_H 1
| #define LT_OBJDIR ".libs/"
| #define GETTEXT_PACKAGE "cheese"
| #define HAVE_UDEV /**/
| /* end confdefs.h.  */
| #include <sys/videoio.h>
configure:12764: result: no
configure:12764: checking for sys/videoio.h
configure:12764: result: no
configure:12775: checking X11/extensions/XTest.h usability
configure:12775: gcc -c -g -O2  conftest.c >&5
configure:12775: $? = 0
configure:12775: result: yes
configure:12775: checking X11/extensions/XTest.h presence
configure:12775: gcc -E  conftest.c
configure:12775: $? = 0
configure:12775: result: yes
configure:12775: checking for X11/extensions/XTest.h
configure:12775: result: yes
configure:12777: checking for XTestFakeKeyEvent in -lXtst
configure:12802: gcc -o conftest -g -O2   conftest.c -lXtst   >&5
configure:12802: $? = 0
configure:12811: result: yes
configure:12832: checking for CHEESE
configure:12851: $PKG_CONFIG --exists --print-errors "$GLIB_REQUIRED
  $GIO_REQUIRED
  $X11_REQUIRED
  $GOBJECT_REQUIRED
  $GDK_PIXBUF_REQUIRED
  $GSTREAMER_REQUIRED
  $GSTREAMER_PLUGINS_BAD_REQUIRED
  $LIBGNOMEDESKTOP_REQUIRED
  $CAIRO_REQUIRED
  $PANGOCAIRO_REQUIRED
  $CLUTTER_REQUIRED
  $CLUTTERGST_REQUIRED
  $UDEV_REQUIRED"
configure:12866: $? = 0
configure:12904: $PKG_CONFIG --exists --print-errors "$GLIB_REQUIRED
  $GIO_REQUIRED
  $X11_REQUIRED
  $GOBJECT_REQUIRED
  $GDK_PIXBUF_REQUIRED
  $GSTREAMER_REQUIRED
  $GSTREAMER_PLUGINS_BAD_REQUIRED
  $LIBGNOMEDESKTOP_REQUIRED
  $CAIRO_REQUIRED
  $PANGOCAIRO_REQUIRED
  $CLUTTER_REQUIRED
  $CLUTTERGST_REQUIRED
  $UDEV_REQUIRED"
configure:12919: $? = 0
configure:13025: result: yes
configure:13032: checking for CHEESE_GTK
configure:13046: $PKG_CONFIG --exists --print-errors "$GIO_REQUIRED
   $GTK_REQUIRED
   $GDK_REQUIRED
   $LIBRSVG_REQUIRED
   $CLUTTERGTK_REQUIRED
   $LIBCANBERRA_REQUIRED
   $UDEV_REQUIRED
   $GNOME_VIDEO_EFFECTS_REQUIRED"
configure:13056: $? = 0
configure:13084: $PKG_CONFIG --exists --print-errors "$GIO_REQUIRED
   $GTK_REQUIRED
   $GDK_REQUIRED
   $LIBRSVG_REQUIRED
   $CLUTTERGTK_REQUIRED
   $LIBCANBERRA_REQUIRED
   $UDEV_REQUIRED
   $GNOME_VIDEO_EFFECTS_REQUIRED"
configure:13094: $? = 0
configure:13180: result: yes
configure:13190: checking for gst-inspect-1.0
configure:13208: found /usr/bin/gst-inspect-1.0
configure:13220: result: /usr/bin/gst-inspect-1.0
configure:13239: checking for camerabin GStreamer plugin
Factory Details:
  Rank                     none (0)
  Long-name                Camera Bin
  Klass                    Generic/Bin/Camera
  Description              Take image snapshots and record movies from camera
  Author                   Thiago Santos <thiago.sousa.santos@collabora.co.uk>

Plugin Details:
  Name                     camerabin
  Description              Take image snapshots and record movies from camera
  Filename                 /usr/lib/x86_64-linux-gnu/gstreamer-1.0/libgstcamerabin2.so
  Version                  1.2.4
  License                  LGPL
  Source module            gst-plugins-good
  Source release date      2014-04-18
  Binary package           GStreamer Good Plugins (Ubuntu)
  Origin URL               https://launchpad.net/distros/ubuntu/+source/gst-plugins-good1.0

GObject
 +----GInitiallyUnowned
       +----GstObject
             +----GstElement
                   +----GstBin
                         +----GstPipeline
                               +----GstCameraBin

Implemented Interfaces:
  GstChildProxy
  GstTagSetter

Pad Templates:
  none

Element Flags:
  no flags set

Bin Flags:
  no flags set

Element Implementation:
  Has change_state() function: gst_camera_bin_change_state

Element has no clocking capabilities.
Element has no indexing capabilities.
Element has no URI handling capabilities.

Pads:
  none

Element Properties:
  name                : The name of the object
                        flags: readable, writable
                        String. Default: "camerabin0"
  parent              : The parent of the object
                        flags: readable, writable
                        Object of type "GstObject"
  async-handling      : The bin will handle Asynchronous state changes
                        flags: readable, writable
                        Boolean. Default: false
  message-forward     : Forwards all children messages
                        flags: readable, writable
                        Boolean. Default: false
  delay               : Expected delay needed for elements to spin up to PLAYING in nanoseconds
                        flags: readable, writable
                        Unsigned Integer64. Range: 0 - 18446744073709551615 Default: 0 
  auto-flush-bus      : Whether to automatically flush the pipeline's bus when going from READY into NULL state
                        flags: readable, writable
                        Boolean. Default: true
  mode                : The capture mode (still image capture or video recording)
                        flags: readable, writable
                        Enum "GstCameraBin2Mode" Default: 1, "mode-image"
                           (1): mode-image       - Still image capture (default)
                           (2): mode-video       - Video recording
  location            : Location to save the captured files. A %d might be used on thefilename as a placeholder for a numeric index of the capture.Default is cap_%d
                        flags: readable, writable
                        String. Default: "cap_%d"
  camera-source       : The camera source element to be used. It is only taken into use on the next null to ready transition
                        flags: readable, writable
                        Object of type "GstElement"
  image-capture-supported-caps: Formats supported for capturing images represented as GstCaps
                        flags: readable
                        Caps (NULL)
  video-capture-supported-caps: Formats supported for capturing videos represented as GstCaps
                        flags: readable
                        Caps (NULL)
  image-capture-caps  : Caps for image capture
                        flags: readable, writable
                           ANY

  video-capture-caps  : Caps for video capture
                        flags: readable, writable
                           ANY

  post-previews       : If capture preview images should be posted to the bus
                        flags: readable, writable
                        Boolean. Default: false
  preview-caps        : The caps of the preview image to be posted
                        flags: readable, writable
                        Caps (NULL)
  video-profile       : The GstEncodingProfile to use for video recording. Audio is enabled when this profile supports audio.
                        flags: readable, writable
                        Object of type "GstEncodingProfile"
  image-filter        : The element that will process captured image frames. (Should be set on NULL state)
                        flags: readable, writable
                        Object of type "GstElement"
  video-filter        : The element that will process captured video frames. (Should be set on NULL state)
                        flags: readable, writable
                        Object of type "GstElement"
  viewfinder-filter   : The element that will process frames going to the viewfinder. (Should be set on NULL state)
                        flags: readable, writable
                        Object of type "GstElement"
  preview-filter      : The element that will process preview buffers. (Should be set on NULL state)
                        flags: readable, writable
                        Object of type "GstElement"
  viewfinder-sink     : The video sink of the viewfinder. It is only taken into use on the next null to ready transition
                        flags: readable, writable
                        Object of type "GstElement"
  viewfinder-supported-caps: The caps that the camera source can produce on the viewfinder pad
                        flags: readable
                        Caps (NULL)
  viewfinder-caps     : Restricts the caps that can be used on the viewfinder
                        flags: readable, writable
                           ANY

  audio-source        : The audio source element to be used on video recordings. It is only taken into use on the next null to ready transition
                        flags: readable, writable
                        Object of type "GstElement"
  mute                : If the audio recording should be muted. Note that this still saves audio data to the resulting file, but they are silent. Use a video-profile without audio to disable audio completely
                        flags: readable, writable
                        Boolean. Default: false
  audio-capture-supported-caps: Formats supported for capturing audio represented as GstCaps
                        flags: readable
                        Caps (NULL)
  audio-capture-caps  : Format to capture audio for video recording represented as GstCaps
                        flags: readable, writable
                           ANY

  zoom                : Digital zoom factor (e.g. 1.5 means 1.5x)
                        flags: readable, writable
                        Float. Range:               1 -              10 Default:               1 
  max-zoom            : Digital zoom factor (e.g. 1.5 means 1.5x)
                        flags: readable
                        Float. Range:               1 -    3.402823e+38 Default:              10 
  image-profile       : The GstEncodingProfile to use for image captures.
                        flags: readable, writable
                        Object of type "GstEncodingProfile"
  idle                : If camerabin2 is idle (not doing captures).
                        flags: readable
                        Boolean. Default: true
  flags               : Flags to control behaviour
                        flags: readable, writable
                        Flags "GstCamFlags" Default: 0x00000000, "(none)"
                           (0x00000001): no-audio-conversion - Do not use audio conversion elements
                           (0x00000002): no-video-conversion - Do not use video conversion elements
                           (0x00000004): no-viewfinder-conversion - Do not use viewfinder conversion elements
                           (0x00000008): no-image-conversion - Do not use image conversion elements
  audio-filter        : The element that will process captured audio buffers when recording. (Should be set on NULL state)
                        flags: readable, writable
                        Object of type "GstElement"

Element Actions:
  "start-capture" :  void user_function (GstElement* object);
  "stop-capture" :  void user_function (GstElement* object);

Children:
  viewfinderbin-capsfilter
  imagebin-capsfilter
  videobin-capsfilter
  vf-bin
configure:13242: result: found
configure:13239: checking for vp8enc GStreamer plugin
Factory Details:
  Rank                     primary (256)
  Long-name                On2 VP8 Encoder
  Klass                    Codec/Encoder/Video
  Description              Encode VP8 video streams
  Author                   David Schleef <ds@entropywave.com>, Sebastian Dröge <sebastian.droege@collabora.co.uk>

Plugin Details:
  Name                     vpx
  Description              VP8 plugin
  Filename                 /usr/lib/x86_64-linux-gnu/gstreamer-1.0/libgstvpx.so
  Version                  1.2.4
  License                  LGPL
  Source module            gst-plugins-good
  Source release date      2014-04-18
  Binary package           GStreamer Good Plugins (Ubuntu)
  Origin URL               https://launchpad.net/distros/ubuntu/+source/gst-plugins-good1.0

GObject
 +----GInitiallyUnowned
       +----GstObject
             +----GstElement
                   +----GstVideoEncoder
                         +----GstVP8Enc

Implemented Interfaces:
  GstPreset
  GstTagSetter

Pad Templates:
  SRC template: 'src'
    Availability: Always
    Capabilities:
      video/x-vp8
                profile: { 0, 1, 2, 3 }

  SINK template: 'sink'
    Availability: Always
    Capabilities:
      video/x-raw
                 format: I420
                  width: [ 1, 2147483647 ]
                 height: [ 1, 2147483647 ]
              framerate: [ 0/1, 2147483647/1 ]


Element Flags:
  no flags set

Element Implementation:
  Has change_state() function: gst_video_encoder_change_state

Element has no clocking capabilities.
Element has no indexing capabilities.
Element has no URI handling capabilities.

Pads:
  SINK: 'sink'
    Implementation:
      Has chainfunc(): gst_video_encoder_chain
      Has custom eventfunc(): gst_video_encoder_sink_event
      Has custom queryfunc(): gst_video_encoder_sink_query
      Has custom iterintlinkfunc(): gst_pad_iterate_internal_links_default
    Pad Template: 'sink'
  SRC: 'src'
    Implementation:
      Has custom eventfunc(): gst_video_encoder_src_event
      Has custom queryfunc(): gst_video_encoder_src_query
      Has custom iterintlinkfunc(): gst_pad_iterate_internal_links_default
    Pad Template: 'src'

Element Properties:
  name                : The name of the object
                        flags: readable, writable
                        String. Default: "vp8enc0"
  parent              : The parent of the object
                        flags: readable, writable
                        Object of type "GstObject"
  end-usage           : Rate control mode
                        flags: readable, writable
                        Enum "GstVP8EncEndUsage" Default: 0, "vbr"
                           (0): vbr              - Variable Bit Rate (VBR) mode
                           (1): cbr              - Constant Bit Rate (CBR) mode
                           (2): cq               - Constant Quality Mode (CQ) mode
  target-bitrate      : Target bitrate (in bits/sec)
                        flags: readable, writable
                        Integer. Range: 0 - 2147483647 Default: 256000 
  min-quantizer       : Minimum Quantizer (best)
                        flags: readable, writable
                        Integer. Range: 0 - 63 Default: 4 
  max-quantizer       : Maximum Quantizer (worst)
                        flags: readable, writable
                        Integer. Range: 0 - 63 Default: 63 
  dropframe-threshold : Temporal resampling threshold (buf %)
                        flags: readable, writable
                        Integer. Range: 0 - 100 Default: 0 
  resize-allowed      : Allow spatial resampling
                        flags: readable, writable
                        Boolean. Default: false
  resize-up-threshold : Upscale threshold (buf %)
                        flags: readable, writable
                        Integer. Range: 0 - 100 Default: 30 
  resize-down-threshold: Downscale threshold (buf %)
                        flags: readable, writable
                        Integer. Range: 0 - 100 Default: 60 
  undershoot          : Datarate undershoot (min) target (%)
                        flags: readable, writable
                        Integer. Range: 0 - 1000 Default: 100 
  overshoot           : Datarate overshoot (max) target (%)
                        flags: readable, writable
                        Integer. Range: 0 - 1000 Default: 100 
  buffer-size         : Client buffer size (ms)
                        flags: readable, writable
                        Integer. Range: 0 - 2147483647 Default: 6000 
  buffer-initial-size : Initial client buffer size (ms)
                        flags: readable, writable
                        Integer. Range: 0 - 2147483647 Default: 4000 
  buffer-optimal-size : Optimal client buffer size (ms)
                        flags: readable, writable
                        Integer. Range: 0 - 2147483647 Default: 5000 
  twopass-vbr-bias    : CBR/VBR bias (0=CBR, 100=VBR)
                        flags: readable, writable
                        Integer. Range: 0 - 100 Default: 50 
  twopass-vbr-minsection: GOP minimum bitrate (% target)
                        flags: readable, writable
                        Integer. Range: 0 - 2147483647 Default: 0 
  twopass-vbr-maxsection: GOP maximum bitrate (% target)
                        flags: readable, writable
                        Integer. Range: 0 - 2147483647 Default: 400 
  keyframe-mode       : Keyframe placement
                        flags: readable, writable
                        Enum "GstVP8EncKfMode" Default: 1, "auto"
                           (1): auto             - Determine optimal placement automatically
                           (0): disabled         - Don't automatically place keyframes
  keyframe-max-dist   : Maximum distance between keyframes (number of frames)
                        flags: readable, writable
                        Integer. Range: 0 - 2147483647 Default: 128 
  temporal-scalability-number-layers: Number of coding layers to use
                        flags: readable, writable
                        Integer. Range: 1 - 5 Default: 1 
  temporal-scalability-target-bitrate: Target bitrates for coding layers (one per layer, decreasing)
                        flags: readable, writable
                        Array of GValues of type "gint"
  temporal-scalability-rate-decimator: Rate decimation factors for each layer
                        flags: readable, writable
                        Array of GValues of type "gint"
  temporal-scalability-periodicity: Length of sequence that defines layer membership periodicity
                        flags: readable, writable
                        Integer. Range: 0 - 16 Default: 0 
  temporal-scalability-layer-id: Sequence defining coding layer membership
                        flags: readable, writable
                        Array of GValues of type "gint"
  multipass-mode      : Multipass encode mode
                        flags: readable, writable
                        Enum "GstVP8EncMultipassMode" Default: 0, "one-pass"
                           (0): one-pass         - One pass encoding (default)
                           (1): first-pass       - First pass of multipass encoding
                           (2): last-pass        - Last pass of multipass encoding
  multipass-cache-file: Multipass cache file
                        flags: readable, writable
                        String. Default: "multipass.cache"
  error-resilient     : Error resilience flags
                        flags: readable, writable
                        Flags "GstVP8EncErFlags" Default: 0x00000000, "(none)"
                           (0x00000001): default          - Default error resilience
                           (0x00000002): partitions       - Allow partitions to be decoded independently
  lag-in-frames       : Maximum number of frames to lag
                        flags: readable, writable
                        Integer. Range: 0 - 25 Default: 0 
  threads             : Number of threads to use
                        flags: readable, writable
                        Integer. Range: 0 - 64 Default: 0 
  deadline            : Deadline per frame (usec, 0=disabled)
                        flags: readable, writable
                        Integer64. Range: 0 - 9223372036854775807 Default: 0 
  horizontal-scaling-mode: Horizontal scaling mode
                        flags: readable, writable
                        Enum "GstVP8EncScalingMode" Default: 0, "normal"
                           (0): normal           - Normal
                           (1): 4:5              - 4:5
                           (2): 3:5              - 3:5
                           (3): 1:2              - 1:2
  vertical-scaling-mode: Vertical scaling mode
                        flags: readable, writable
                        Enum "GstVP8EncScalingMode" Default: 0, "normal"
                           (0): normal           - Normal
                           (1): 4:5              - 4:5
                           (2): 3:5              - 3:5
                           (3): 1:2              - 1:2
  cpu-used            : CPU used
                        flags: readable, writable
                        Integer. Range: -16 - 16 Default: 0 
  auto-alt-ref        : Automatically generate AltRef frames
                        flags: readable, writable
                        Boolean. Default: false
  noise-sensitivity   : Noise sensisivity (frames to blur)
                        flags: readable, writable
                        Integer. Range: 0 - 6 Default: 0 
  sharpness           : Filter sharpness
                        flags: readable, writable
                        Integer. Range: 0 - 7 Default: 0 
  static-threshold    : Motion detection threshold
                        flags: readable, writable
                        Integer. Range: 0 - 2147483647 Default: 0 
  token-partitions    : Number of token partitions
                        flags: readable, writable
                        Enum "GstVP8EncTokenPartitions" Default: 0, "1"
                           (0): 1                - One token partition
                           (1): 2                - Two token partitions
                           (2): 4                - Four token partitions
                           (3): 8                - Eight token partitions
  arnr-maxframes      : AltRef maximum number of frames
                        flags: readable, writable
                        Integer. Range: 0 - 15 Default: 0 
  arnr-strength       : AltRef strength
                        flags: readable, writable
                        Integer. Range: 0 - 6 Default: 3 
  arnr-type           : AltRef type
                        flags: readable, writable
                        Integer. Range: 1 - 3 Default: 3 
  tuning              : Tuning
                        flags: readable, writable
                        Enum "GstVP8EncTuning" Default: 0, "psnr"
                           (0): psnr             - Tune for PSNR
                           (1): ssim             - Tune for SSIM
  cq-level            : Constrained quality level
                        flags: readable, writable
                        Integer. Range: 0 - 63 Default: 10 
  max-intra-bitrate   : Maximum Intra frame bitrate
                        flags: readable, writable
                        Integer. Range: 0 - 2147483647 Default: 0 
  timebase            : Fraction of one second that is the shortest interframe time - normally left as zero which will default to the framerate
                        flags: readable, writable
                        Fraction. Range: 0/1 - 2147483647/1 Default: 0/1 
configure:13242: result: found
configure:13239: checking for webmmux GStreamer plugin
Factory Details:
  Rank                     primary (256)
  Long-name                WebM muxer
  Klass                    Codec/Muxer
  Description              Muxes video and audio streams into a WebM stream
  Author                   GStreamer maintainers <gstreamer-devel@lists.sourceforge.net>

Plugin Details:
  Name                     matroska
  Description              Matroska and WebM stream handling
  Filename                 /usr/lib/x86_64-linux-gnu/gstreamer-1.0/libgstmatroska.so
  Version                  1.2.4
  License                  LGPL
  Source module            gst-plugins-good
  Source release date      2014-04-18
  Binary package           GStreamer Good Plugins (Ubuntu)
  Origin URL               https://launchpad.net/distros/ubuntu/+source/gst-plugins-good1.0

GObject
 +----GInitiallyUnowned
       +----GstObject
             +----GstElement
                   +----GstMatroskaMux
                         +----GstWebMMux

Implemented Interfaces:
  GstTagSetter
  GstTocSetter

Pad Templates:
  SINK template: 'video_%u'
    Availability: On request
      Has request_new_pad() function: gst_matroska_mux_request_new_pad
    Capabilities:
      video/x-vp8
                  width: [ 16, 4096 ]
                 height: [ 16, 4096 ]
              framerate: [ 0/1, 2147483647/1 ]
      video/x-vp9
                  width: [ 16, 4096 ]
                 height: [ 16, 4096 ]
              framerate: [ 0/1, 2147483647/1 ]

  SINK template: 'audio_%u'
    Availability: On request
      Has request_new_pad() function: gst_matroska_mux_request_new_pad
    Capabilities:
      audio/x-vorbis
               channels: [ 1, 2147483647 ]
                   rate: [ 1, 2147483647 ]

  SINK template: 'subtitle_%u'
    Availability: On request
      Has request_new_pad() function: gst_matroska_mux_request_new_pad
    Capabilities:
      subtitle/x-kate
      text/x-raw
                 format: utf8
      application/x-ssa
      application/x-ass
      application/x-usf
      subpicture/x-dvd
      application/x-subtitle-unknown

  SRC template: 'src'
    Availability: Always
    Capabilities:
      video/webm
      audio/webm


Element Flags:
  no flags set

Element Implementation:
  Has change_state() function: gst_matroska_mux_change_state

Element has no clocking capabilities.
Element has no indexing capabilities.
Element has no URI handling capabilities.

Pads:
  SRC: 'src'
    Implementation:
      Has custom eventfunc(): 0x7f211c0319e0
      Has custom queryfunc(): gst_pad_query_default
      Has custom iterintlinkfunc(): gst_pad_iterate_internal_links_default
    Pad Template: 'src'

Element Properties:
  name                : The name of the object
                        flags: readable, writable
                        String. Default: "webmmux0"
  parent              : The parent of the object
                        flags: readable, writable
                        Object of type "GstObject"
  writing-app         : The name the application that creates the matroska file.
                        flags: readable, writable
                        String. Default: "GStreamer Matroska muxer"
  version             : This parameter determines what Matroska features can be used.
                        flags: readable, writable
                        Integer. Range: 1 - 2 Default: 2 
  min-index-interval  : An index entry is created every so many nanoseconds.
                        flags: readable, writable
                        Integer64. Range: 0 - 9223372036854775807 Default: 0 
  streamable          : If set to true, the output should be as if it is to be streamed and hence no indexes written or duration written.
                        flags: readable, writable
                        Boolean. Default: false
configure:13242: result: found
configure:13256: checking for gtester
configure:13274: found /usr/bin/gtester
configure:13287: result: /usr/bin/gtester
configure:13297: checking for gtester-report
configure:13315: found /usr/bin/gtester-report
configure:13328: result: /usr/bin/gtester-report
configure:13363: checking for lcov
configure:13394: result: notfound
configure:13404: checking for genhtml
configure:13435: result: notfound
configure:13472: checking for glib-mkenums script
configure:13479: result: glib-mkenums
configure:13494: checking for gobject-introspection
configure:13525: $PKG_CONFIG --exists --print-errors "gobject-introspection-1.0 >= 0.6.7"
configure:13528: $? = 0
configure:13539: result: yes
configure:13583: checking for gtkdoc-check
configure:13599: found /usr/bin/gtkdoc-check
configure:13610: result: gtkdoc-check.test
configure:13620: checking for gtkdoc-check
configure:13638: found /usr/bin/gtkdoc-check
configure:13650: result: /usr/bin/gtkdoc-check
configure:13662: checking for gtkdoc-rebase
configure:13680: found /usr/bin/gtkdoc-rebase
configure:13692: result: /usr/bin/gtkdoc-rebase
configure:13706: checking for gtkdoc-mkpdf
configure:13724: found /usr/bin/gtkdoc-mkpdf
configure:13736: result: /usr/bin/gtkdoc-mkpdf
configure:13850: checking whether to build gtk-doc documentation
configure:13852: result: no
configure:13940: checking for XML catalog (/etc/xml/catalog)
configure:13943: result: found
configure:13953: checking for xmlcatalog
configure:13971: found /usr/bin/xmlcatalog
configure:13984: result: /usr/bin/xmlcatalog
configure:14005: checking for xsltproc
configure:14021: found /usr/bin/xsltproc
configure:14033: result: yes
configure:14042: checking for DocBook XML DTD V4.3 in XML catalog
configure:14045: $XMLCATALOG --noout "$XML_CATALOG_FILE" "-//OASIS//DTD DocBook XML V4.3//EN" >&2
file:///usr/share/xml/docbook/schema/dtd/4.3/docbookx.dtd
configure:14048: $? = 0
configure:14050: result: found
configure:14060: checking for DocBook XSL Stylesheets in XML catalog
configure:14063: $XMLCATALOG --noout "$XML_CATALOG_FILE" "http://docbook.sourceforge.net/release/xsl/current/html/refentry.xsl" >&2
file:///usr/share/xml/docbook/stylesheet/docbook-xsl/html/refentry.xsl
configure:14066: $? = 0
configure:14068: result: found
configure:14119: checking for itstool
configure:14135: found /usr/bin/itstool
configure:14146: result: itstool
configure:14161: checking for xmllint
configure:14177: found /usr/bin/xmllint
configure:14188: result: xmllint
configure:14437: checking for pkg-config
configure:14467: result: /usr/bin/pkg-config
configure:14492: checking pkg-config is at least version 0.16
configure:14495: result: yes
configure:14716: checking that generated files are newer than configure
configure:14722: result: done
configure:14793: creating ./config.status

## ---------------------- ##
## Running config.status. ##
## ---------------------- ##

This file was extended by Cheese config.status 3.10.2, which was
generated by GNU Autoconf 2.69.  Invocation command line was

  CONFIG_FILES    = 
  CONFIG_HEADERS  = 
  CONFIG_LINKS    = 
  CONFIG_COMMANDS = 
  $ ./config.status 

on opx_vbox

config.status:1438: creating Makefile
config.status:1438: creating docs/reference/Makefile
config.status:1438: creating docs/reference/version.xml
config.status:1438: creating data/cheese.pc
config.status:1438: creating data/cheese-gtk.pc
config.status:1438: creating data/cheese.desktop.in
config.status:1438: creating help/Makefile
config.status:1438: creating po/Makefile.in
config.status:1438: creating cheese-config.h
config.status:1619: cheese-config.h is unchanged
config.status:1667: executing depfiles commands
config.status:1667: executing libtool commands
config.status:1667: executing po/stamp-it commands

## ---------------- ##
## Cache variables. ##
## ---------------- ##

ac_cv_build=x86_64-unknown-linux-gnu
ac_cv_c_compiler_gnu=yes
ac_cv_env_CC_set=
ac_cv_env_CC_value=
ac_cv_env_CFLAGS_set=
ac_cv_env_CFLAGS_value=
ac_cv_env_CHEESE_CFLAGS_set=
ac_cv_env_CHEESE_CFLAGS_value=
ac_cv_env_CHEESE_GTK_CFLAGS_set=
ac_cv_env_CHEESE_GTK_CFLAGS_value=
ac_cv_env_CHEESE_GTK_LIBS_set=
ac_cv_env_CHEESE_GTK_LIBS_value=
ac_cv_env_CHEESE_LIBS_set=
ac_cv_env_CHEESE_LIBS_value=
ac_cv_env_CPPFLAGS_set=
ac_cv_env_CPPFLAGS_value=
ac_cv_env_CPP_set=
ac_cv_env_CPP_value=
ac_cv_env_GTKDOC_DEPS_CFLAGS_set=
ac_cv_env_GTKDOC_DEPS_CFLAGS_value=
ac_cv_env_GTKDOC_DEPS_LIBS_set=
ac_cv_env_GTKDOC_DEPS_LIBS_value=
ac_cv_env_ITSTOOL_set=
ac_cv_env_ITSTOOL_value=
ac_cv_env_LDFLAGS_set=
ac_cv_env_LDFLAGS_value=
ac_cv_env_LIBS_set=
ac_cv_env_LIBS_value=
ac_cv_env_PKG_CONFIG_LIBDIR_set=
ac_cv_env_PKG_CONFIG_LIBDIR_value=
ac_cv_env_PKG_CONFIG_PATH_set=
ac_cv_env_PKG_CONFIG_PATH_value=
ac_cv_env_PKG_CONFIG_set=
ac_cv_env_PKG_CONFIG_value=
ac_cv_env_XMLLINT_set=
ac_cv_env_XMLLINT_value=
ac_cv_env_build_alias_set=
ac_cv_env_build_alias_value=
ac_cv_env_host_alias_set=
ac_cv_env_host_alias_value=
ac_cv_env_target_alias_set=
ac_cv_env_target_alias_value=
ac_cv_header_X11_extensions_XTest_h=yes
ac_cv_header_dlfcn_h=yes
ac_cv_header_inttypes_h=yes
ac_cv_header_memory_h=yes
ac_cv_header_stdc=yes
ac_cv_header_stdint_h=yes
ac_cv_header_stdlib_h=yes
ac_cv_header_string_h=yes
ac_cv_header_strings_h=yes
ac_cv_header_sys_stat_h=yes
ac_cv_header_sys_types_h=yes
ac_cv_header_sys_videoio_h=no
ac_cv_header_unistd_h=yes
ac_cv_host=x86_64-unknown-linux-gnu
ac_cv_lib_Xtst_XTestFakeKeyEvent=yes
ac_cv_objext=o
ac_cv_path_EGREP='/bin/grep -E'
ac_cv_path_FGREP='/bin/grep -F'
ac_cv_path_GMSGFMT=/usr/bin/msgfmt
ac_cv_path_GREP=/bin/grep
ac_cv_path_GST_INSPECT=/usr/bin/gst-inspect-1.0
ac_cv_path_GTESTER=/usr/bin/gtester
ac_cv_path_GTESTER_REPORT=/usr/bin/gtester-report
ac_cv_path_GTKDOC_CHECK_PATH=/usr/bin/gtkdoc-check
ac_cv_path_GTKDOC_MKPDF=/usr/bin/gtkdoc-mkpdf
ac_cv_path_GTKDOC_REBASE=/usr/bin/gtkdoc-rebase
ac_cv_path_INTLTOOL_EXTRACT=/usr/bin/intltool-extract
ac_cv_path_INTLTOOL_MERGE=/usr/bin/intltool-merge
ac_cv_path_INTLTOOL_PERL=/usr/bin/perl
ac_cv_path_INTLTOOL_UPDATE=/usr/bin/intltool-update
ac_cv_path_LCOV=notfound
ac_cv_path_LCOV_GENHTML=notfound
ac_cv_path_MSGFMT=/usr/bin/msgfmt
ac_cv_path_MSGMERGE=/usr/bin/msgmerge
ac_cv_path_SED=/bin/sed
ac_cv_path_VALAC=/usr/bin/valac
ac_cv_path_XGETTEXT=/usr/bin/xgettext
ac_cv_path_XMLCATALOG=/usr/bin/xmlcatalog
ac_cv_path_ac_pt_PKG_CONFIG=/usr/bin/pkg-config
ac_cv_path_install='/usr/bin/install -c'
ac_cv_path_mkdir=/bin/mkdir
ac_cv_prog_AWK=mawk
ac_cv_prog_CPP='gcc -E'
ac_cv_prog_GTKDOC_CHECK=gtkdoc-check.test
ac_cv_prog_ITSTOOL=itstool
ac_cv_prog_XMLLINT=xmllint
ac_cv_prog_ac_ct_AR=ar
ac_cv_prog_ac_ct_CC=gcc
ac_cv_prog_ac_ct_MANIFEST_TOOL=mt
ac_cv_prog_ac_ct_OBJDUMP=objdump
ac_cv_prog_ac_ct_RANLIB=ranlib
ac_cv_prog_ac_ct_STRIP=strip
ac_cv_prog_cc_c89=
ac_cv_prog_cc_g=yes
ac_cv_prog_cc_gcc_c_o=yes
ac_cv_prog_have_xsltproc=yes
ac_cv_prog_make_make_set=yes
am_cv_CC_dependencies_compiler_type=gcc3
am_cv_make_support_nested_variables=yes
lt_cv_ar_at_file=@
lt_cv_archive_cmds_need_lc=no
lt_cv_deplibs_check_method=pass_all
lt_cv_file_magic_cmd='$MAGIC_CMD'
lt_cv_file_magic_test_file=
lt_cv_ld_reload_flag=-r
lt_cv_nm_interface='BSD nm'
lt_cv_objdir=.libs
lt_cv_path_LD=/usr/bin/ld
lt_cv_path_NM='/usr/bin/nm -B'
lt_cv_path_mainfest_tool=no
lt_cv_prog_compiler_c_o=yes
lt_cv_prog_compiler_pic='-fPIC -DPIC'
lt_cv_prog_compiler_pic_works=yes
lt_cv_prog_compiler_rtti_exceptions=no
lt_cv_prog_compiler_static_works=yes
lt_cv_prog_gnu_ld=yes
lt_cv_sharedlib_from_linklib_cmd='printf %s\n'
lt_cv_shlibpath_overrides_runpath=no
lt_cv_sys_global_symbol_pipe='sed -n -e '\''s/^.*[	 ]\([ABCDGIRSTW][ABCDGIRSTW]*\)[	 ][	 ]*\([_A-Za-z][_A-Za-z0-9]*\)$/\1 \2 \2/p'\'' | sed '\''/ __gnu_lto/d'\'''
lt_cv_sys_global_symbol_to_c_name_address='sed -n -e '\''s/^: \([^ ]*\)[ ]*$/  {\"\1\", (void *) 0},/p'\'' -e '\''s/^[ABCDGIRSTW]* \([^ ]*\) \([^ ]*\)$/  {"\2", (void *) \&\2},/p'\'''
lt_cv_sys_global_symbol_to_c_name_address_lib_prefix='sed -n -e '\''s/^: \([^ ]*\)[ ]*$/  {\"\1\", (void *) 0},/p'\'' -e '\''s/^[ABCDGIRSTW]* \([^ ]*\) \(lib[^ ]*\)$/  {"\2", (void *) \&\2},/p'\'' -e '\''s/^[ABCDGIRSTW]* \([^ ]*\) \([^ ]*\)$/  {"lib\2", (void *) \&\2},/p'\'''
lt_cv_sys_global_symbol_to_cdecl='sed -n -e '\''s/^T .* \(.*\)$/extern int \1();/p'\'' -e '\''s/^[ABCDGIRSTW]* .* \(.*\)$/extern char \1;/p'\'''
lt_cv_sys_max_cmd_len=1572864
lt_cv_to_host_file_cmd=func_convert_file_noop
lt_cv_to_tool_file_cmd=func_convert_file_noop
pkg_cv_CHEESE_CFLAGS='-pthread -I/usr/include/glib-2.0 -I/usr/lib/x86_64-linux-gnu/glib-2.0/include -I/usr/include/gdk-pixbuf-2.0 -I/usr/include/libpng12 -I/usr/include/gstreamer-1.0 -I/usr/include/gtk-3.0 -I/usr/include/atk-1.0 -I/usr/include/at-spi2-atk/2.0 -I/usr/include/pango-1.0 -I/usr/include/gio-unix-2.0/ -I/usr/include/cairo -I/usr/include/harfbuzz -I/usr/include/freetype2 -I/usr/include/pixman-1 -I/usr/include/clutter-1.0 -I/usr/include/cogl -I/usr/include/json-glib-1.0 -I/usr/include/libdrm -I/usr/include/clutter-gst-2.0 -I/usr/include/gudev-1.0 -I/usr/include/gnome-desktop-3.0 -I/usr/include/gsettings-desktop-schemas  '
pkg_cv_CHEESE_GTK_CFLAGS='-pthread -D_REENTRANT -I/usr/include/glib-2.0 -I/usr/lib/x86_64-linux-gnu/glib-2.0/include -I/usr/include/gtk-3.0 -I/usr/include/atk-1.0 -I/usr/include/at-spi2-atk/2.0 -I/usr/include/pango-1.0 -I/usr/include/gio-unix-2.0/ -I/usr/include/cairo -I/usr/include/gdk-pixbuf-2.0 -I/usr/include/harfbuzz -I/usr/include/freetype2 -I/usr/include/pixman-1 -I/usr/include/libpng12 -I/usr/include/librsvg-2.0 -I/usr/include/clutter-gtk-1.0 -I/usr/include/clutter-1.0 -I/usr/include/cogl -I/usr/include/json-glib-1.0 -I/usr/include/libdrm -I/usr/include/gudev-1.0  '
pkg_cv_CHEESE_GTK_LIBS='-pthread -lrsvg-2 -lm -lclutter-gtk-1.0 -lclutter-1.0 -lcogl-pango -ljson-glib-1.0 -lXi -lcogl -lgmodule-2.0 -lwayland-egl -lgbm -ldrm -lwayland-server -lEGL -lXext -lXdamage -lXcomposite -lXrandr -lwayland-client -lXfixes -lcanberra-gtk3 -lX11 -lcanberra -lgtk-3 -lgdk-3 -latk-1.0 -lgio-2.0 -lpangocairo-1.0 -lgdk_pixbuf-2.0 -lcairo-gobject -lpango-1.0 -lcairo -lgudev-1.0 -lgobject-2.0 -lglib-2.0  '
pkg_cv_CHEESE_LIBS='-pthread -lgstpbutils-1.0 -lgstphotography-1.0 -lgnome-desktop-3 -lgtk-3 -lclutter-gst-2.0 -lclutter-1.0 -lgstbase-1.0 -latk-1.0 -lcogl-pango -ljson-glib-1.0 -lgdk-3 -lXi -lcogl -lgmodule-2.0 -lwayland-egl -lgbm -ldrm -lwayland-server -lEGL -lX11 -lXext -lXdamage -lXcomposite -lXrandr -lwayland-client -lgio-2.0 -lpangocairo-1.0 -lgdk_pixbuf-2.0 -lcairo-gobject -lpango-1.0 -lcairo -lXfixes -lgstreamer-1.0 -lgudev-1.0 -lgobject-2.0 -lglib-2.0  '

## ----------------- ##
## Output variables. ##
## ----------------- ##

























		$(INSTALL_DATA) $^ "$(DESTDIR)$(gsettingsschemadir)"; \
		test -n "$(GSETTINGS_DISABLE_SCHEMAS_COMPILE)$(DESTDIR)" || $(GLIB_COMPILE_SCHEMAS) $(gsettingsschemadir); \
		test -z "$(gsettingsschemadir)" || $(MKDIR_P) "$(DESTDIR)$(gsettingsschemadir)"; \
	      $(INSTALL_DATA) "$$d$$lc/$$f" "$$helpdir$$f" || exit 1; \
	      $(LN_S) -f "$(HELP_DIR)/C/$(HELP_ID)/$$f" "$$helpdir$$f" || exit 1; \
	      echo "$(INSTALL_DATA) $$d$$lc/$$f $$helpdir$$f"; \
	      echo "$(LN_S) -f $(HELP_DIR)/C/$(HELP_ID)/$$f $$helpdir$$f"; \
	    $(ITSTOOL) -o "$(notdir $@).tmp" $(_HELP_C_FILES) && \
	    $(ITSTOOL) -o "$(notdir $@).tmp" $(_HELP_C_FILES) && \
	    $(XMLLINT) --noout --noent --path "$$xmlpath" --xinclude "$$d$$lc/$$page"; \
	    cp -p "$$d$$lc/$$file" "$(distdir)/$$lc/" || exit 1; \
	    d="$(srcdir)/"; \
	    echo "$(XMLLINT) --noout --noent --path $$xmlpath --xinclude $$d$$lc/$$page"; \
	    echo "rm -f $$helpdir$$f"; \
	    elif test "x$$lc" != "xC"; then \
	    fi; \
	    helpdir="$(DESTDIR)$(HELP_DIR)/$$lc/$(HELP_ID)/"; \
	    helpdir="$(DESTDIR)$(HELP_DIR)/$$lc/$(HELP_ID)/"; \
	    if ! test -d "$$helpdir$$mdir"; then $(mkinstalldirs) "$$helpdir$$mdir"; fi; \
	    if test "x$mdir" = "x."; then mdir=""; fi; \
	    if test -f "$$d$$lc/$$f"; then \
	    if test -f "$$lc$$f"; then d=; else d="$(srcdir)/"; fi; \
	    if test -f "$$lc/$$file"; then d=./; else d=$(srcdir)/; fi; \
	    mdir=`dirname "$$f"`; \
	    msgmerge -o "$(notdir $@)" "$(notdir $@)" "$(notdir $@).tmp" && \
	    mv "$(notdir $@).tmp" "$(notdir $@)"); \
	    rm "$(notdir $@).tmp"); \
	    rm -f "$$helpdir$$f"; \
	    then d=; \
	    xmlpath="$$lc"; \
	    xmlpath="$$lc:$(srcdir)/$$lc"; \
	  $(INSTALL_DATA) "$$d$$f" "$$helpdir`basename $$f`" || exit 1; \
	  $(INSTALL_DATA) "$$d$$lc/$$f" "$$helpdir`basename $$f`" || exit 1; \
	  $(MKDIR_P) "$(distdir)/$$lc"; \
	  $(mkinstalldirs) "$(DESTDIR)$(HELP_DIR)/$$lc/$(HELP_ID)" || exit 1; \
	  (cd "$(dir $@)" && \
	  (cd "$(dir $@)" && \
	  done; \
	  done; \
	  done; \
	  done; \
	  echo "$(INSTALL_DATA) $$d$$f $$helpdir`basename $$f`"; \
	  echo "$(INSTALL_DATA) $$d$$lc/$$f $$helpdir`basename $$f`"; \
	  echo "rm -f $$helpdir`basename $$f`"; \
	  echo "rm -f $$helpdir`basename $$f`"; \
	  else \
	  fi; \
	  for file in $(HELP_FILES); do \
	  for lc in C $(_HELP_LINGUAS); do \
	  for lc in C $(_HELP_LINGUAS); do \
	  for page in $(HELP_FILES); do \
	  helpdir="$(DESTDIR)$(HELP_DIR)/$$lc/$(HELP_ID)/"; \
	  helpdir="$(DESTDIR)$(HELP_DIR)/$$lc/$(HELP_ID)/"; \
	  helpdir="$(DESTDIR)$(HELP_DIR)/$$lc/$(HELP_ID)/"; \
	  helpdir="$(DESTDIR)$(HELP_DIR)/$$lc/$(HELP_ID)/"; \
	  if ! test -d "$$helpdir"; then $(mkinstalldirs) "$$helpdir"; fi; \
	  if ! test -d "$$helpdir"; then $(mkinstalldirs) "$$helpdir"; fi; \
	  if test "x$(_HELP_V)" = "x0"; then echo "  GEN    $${po}"; fi; \
	  if test -d "$$lc"; \
	  if test -f "$$f"; then d=; else d="$(srcdir)/"; fi; \
	  if test -f "$$lc/$$f"; then d=; else d="$(srcdir)/"; fi; \
	  lc=`dirname "$$f"`; lc=`basename "$$lc"`; \
	  lc=`dirname "$$f"`; lc=`basename "$$lc"`; \
	  msgmerge -q -o "$${po}" "$${po}" "$(_HELP_POTFILE)"; \
	  rm -f "$$helpdir`basename $$f`"; \
	  rm -f "$$helpdir`basename $$f`"; \
	$(AM_V_GEN) glib-mkenums --comments '\''<!-- @comment@ -->'\'' --fhead "<schemalist>" --vhead "  <@type@ id='\''$(gsettings_ENUM_NAMESPACE).@EnumName@'\''>" --vprod "    <value nick='\''@valuenick@'\'' value='\''@valuenum@'\''/>" --vtail "  </@type@>" --ftail "</schemalist>" $^ > $@.tmp && mv $@.tmp $@
	$(AM_V_GEN) if test -f "$<"; then d=; else d="$(srcdir)/"; fi; $(GLIB_COMPILE_SCHEMAS) --strict --dry-run $(addprefix --schema-file=,$(gsettings__enum_file)) --schema-file=$${d}$< && touch $@
	$(AM_V_GEN)if ! test -f "$@"; then \
	$(AM_V_GEN)if test -d "C"; then d=; else d="$(srcdir)/"; fi; \
	$(AM_V_GEN)msgfmt -o "$@" "$<"
	$(AM_V_at)for po in $(_HELP_POFILES); do \
	$(AM_V_at)if ! test -d "$(dir $@)"; then mkdir "$(dir $@)"; fi
	$(AM_V_at)if ! test -d "$(dir $@)"; then mkdir "$(dir $@)"; fi
	$(AM_V_at)if ! test -d "$(dir $@)"; then mkdir "$(dir $@)"; fi
	$(AM_V_at)if test ! -f "$@" -a -f "$(srcdir)/$@"; then cp "$(srcdir)/$@" "$@"; fi
	$(ITSTOOL) -o "$@" $(foreach f,$(_HELP_C_FILES),"$${d}$(f)")
	$(_HELP_LC_VERBOSE)if test -d "C"; then d="../"; else d="$(abs_srcdir)/"; fi; \
	(cd "$(dir $@)" && $(ITSTOOL) -m "$${mo}" $(foreach f,$(_HELP_C_FILES),$${d}/$(f))) && \
	@$(NORMAL_INSTALL)
	@$(NORMAL_UNINSTALL)
	@for f in $(HELP_MEDIA); do \
	@for f in $(HELP_MEDIA); do \
	@for f in $(_HELP_C_EXTRA); do \
	@for f in $(_HELP_C_EXTRA); do \
	@for lc in C $(HELP_LINGUAS); do \
	@for lc in C $(_HELP_LINGUAS); do \
	@for lc in C $(_HELP_LINGUAS); do for f in $(HELP_FILES); do \
	@list='\''$(gsettings_SCHEMAS) $(gsettings__enum_file)'\''; test -n "$(gsettingsschemadir)" || list=; \
	cd "$(DESTDIR)$(gsettingsschemadir)" && rm -f $$files
	done
	done
	done
	done
	done
	done
	done;
	done; \
	done; done
	done; done
	echo " ( cd '\''$(DESTDIR)$(gsettingsschemadir)'\'' && rm -f" $$files ")"; \
	else \
	fi
	fi
	files=`for p in $$list; do echo $$p; done | sed -e '\''s|^.*/||'\''`; \
	for lc in C $(_HELP_LINGUAS); do \
	for lc in C $(_HELP_LINGUAS); do for f in $(HELP_FILES); do \
	if test -f "$${mo}"; then mo="../$${mo}"; else mo="$(abs_srcdir)/$${mo}"; fi; \
	if test -n "$^"; then \
	mo="$(dir $@)$(patsubst %/$(notdir $@),%,$@).mo"; \
	rm -f $(_HELP_LC_FILES) $(_HELP_LC_STAMPS) $(_HELP_MOFILES)
	rm -f $(gsettings_SCHEMAS:.xml=.valid) $(gsettings__enum_file)
	test -n "$$files" || exit 0; \
	test -n "$(GSETTINGS_DISABLE_SCHEMAS_COMPILE)$(DESTDIR)" || $(GLIB_COMPILE_SCHEMAS) $(gsettingsschemadir)
	touch "$@"
$(_HELP_LC_FILES): $(_HELP_LINGUAS)
$(_HELP_LC_STAMPS): $(_HELP_C_FILES) $(_HELP_C_EXTRA)
$(_HELP_LC_STAMPS): %.stamp: %.mo
$(_HELP_LINGUAS): $(_HELP_LC_STAMPS)
$(_HELP_MOFILES): %.mo: %.po
$(_HELP_POFILES):
$(_HELP_POTFILE): $(_HELP_C_FILES) $(_HELP_C_EXTRA) $(_HELP_C_MEDIA)
$(gsettings__enum_file): $(gsettings_ENUM_FILES)
%.gschema.valid: %.gschema.xml $(gsettings__enum_file)
'
.PHONY : uninstall-gsettings-schemas install-gsettings-schemas clean-gsettings-schemas
.PHONY: check-help
.PHONY: clean-help
.PHONY: install-help
.PHONY: pot
.PHONY: repo
.PHONY: uninstall-help
.SECONDARY: $(gsettings_SCHEMAS)
ACLOCAL='${SHELL} /media/sf_Ddrive/cheese-3.10.2/build-aux/missing aclocal-1.13'
ALL_LINGUAS=''
AMDEPBACKSLASH='\'
AMDEP_FALSE='#'
AMDEP_TRUE=''
AMTAR='$${TAR-tar}'
AM_BACKSLASH='\'
AM_DEFAULT_V='$(AM_DEFAULT_VERBOSITY)'
AM_DEFAULT_VERBOSITY='0'
AM_V='$(V)'
AR='ar'
AUTOCONF='${SHELL} /media/sf_Ddrive/cheese-3.10.2/build-aux/missing autoconf'
AUTOHEADER='${SHELL} /media/sf_Ddrive/cheese-3.10.2/build-aux/missing autoheader'
AUTOMAKE='${SHELL} /media/sf_Ddrive/cheese-3.10.2/build-aux/missing automake-1.13'
AWK='mawk'
CC='gcc'
CCDEPMODE='depmode=gcc3'
CFLAGS='-g -O2'
CHEESE_CFLAGS='-pthread -I/usr/include/glib-2.0 -I/usr/lib/x86_64-linux-gnu/glib-2.0/include -I/usr/include/gdk-pixbuf-2.0 -I/usr/include/libpng12 -I/usr/include/gstreamer-1.0 -I/usr/include/gtk-3.0 -I/usr/include/atk-1.0 -I/usr/include/at-spi2-atk/2.0 -I/usr/include/pango-1.0 -I/usr/include/gio-unix-2.0/ -I/usr/include/cairo -I/usr/include/harfbuzz -I/usr/include/freetype2 -I/usr/include/pixman-1 -I/usr/include/clutter-1.0 -I/usr/include/cogl -I/usr/include/json-glib-1.0 -I/usr/include/libdrm -I/usr/include/clutter-gst-2.0 -I/usr/include/gudev-1.0 -I/usr/include/gnome-desktop-3.0 -I/usr/include/gsettings-desktop-schemas  '
CHEESE_ENABLE_LCOV_FALSE=''
CHEESE_ENABLE_LCOV_TRUE='#'
CHEESE_ENABLE_TESTS_FALSE='#'
CHEESE_ENABLE_TESTS_TRUE=''
CHEESE_GTK_CFLAGS='-pthread -D_REENTRANT -I/usr/include/glib-2.0 -I/usr/lib/x86_64-linux-gnu/glib-2.0/include -I/usr/include/gtk-3.0 -I/usr/include/atk-1.0 -I/usr/include/at-spi2-atk/2.0 -I/usr/include/pango-1.0 -I/usr/include/gio-unix-2.0/ -I/usr/include/cairo -I/usr/include/gdk-pixbuf-2.0 -I/usr/include/harfbuzz -I/usr/include/freetype2 -I/usr/include/pixman-1 -I/usr/include/libpng12 -I/usr/include/librsvg-2.0 -I/usr/include/clutter-gtk-1.0 -I/usr/include/clutter-1.0 -I/usr/include/cogl -I/usr/include/json-glib-1.0 -I/usr/include/libdrm -I/usr/include/gudev-1.0  '
CHEESE_GTK_LIBS='-pthread -lrsvg-2 -lm -lclutter-gtk-1.0 -lclutter-1.0 -lcogl-pango -ljson-glib-1.0 -lXi -lcogl -lgmodule-2.0 -lwayland-egl -lgbm -ldrm -lwayland-server -lEGL -lXext -lXdamage -lXcomposite -lXrandr -lwayland-client -lXfixes -lcanberra-gtk3 -lX11 -lcanberra -lgtk-3 -lgdk-3 -latk-1.0 -lgio-2.0 -lpangocairo-1.0 -lgdk_pixbuf-2.0 -lcairo-gobject -lpango-1.0 -lcairo -lgudev-1.0 -lgobject-2.0 -lglib-2.0  '
CHEESE_LIBS='-pthread -lgstpbutils-1.0 -lgstphotography-1.0 -lgnome-desktop-3 -lgtk-3 -lclutter-gst-2.0 -lclutter-1.0 -lgstbase-1.0 -latk-1.0 -lcogl-pango -ljson-glib-1.0 -lgdk-3 -lXi -lcogl -lgmodule-2.0 -lwayland-egl -lgbm -ldrm -lwayland-server -lEGL -lX11 -lXext -lXdamage -lXcomposite -lXrandr -lwayland-client -lgio-2.0 -lpangocairo-1.0 -lgdk_pixbuf-2.0 -lcairo-gobject -lpango-1.0 -lcairo -lXfixes -lgstreamer-1.0 -lgudev-1.0 -lgobject-2.0 -lglib-2.0  '
CHEESE_WFLAGS='-Wall -DGSEAL_ENABLE'
CPP='gcc -E'
CPPFLAGS=''
CYGPATH_W='echo'
DATADIRNAME='share'
DEFS='-DHAVE_CONFIG_H'
DEPDIR='.deps'
DISABLE_DEPRECATED=' -DGCONF_DISABLE_DEPRECATED -DGCONF_DISABLE_SINGLE_INCLUDES -DBONOBO_DISABLE_DEPRECATED -DBONOBO_DISABLE_SINGLE_INCLUDES -DBONOBO_UI_DISABLE_DEPRECATED -DBONOBO_UI_DISABLE_SINGLE_INCLUDES -DGNOME_DISABLE_DEPRECATED -DGNOME_DISABLE_SINGLE_INCLUDES -DLIBGLADE_DISABLE_DEPRECATED -DLIBGLADE_DISABLE_SINGLE_INCLUDES -DGNOME_VFS_DISABLE_DEPRECATED -DGNOME_VFS_DISABLE_SINGLE_INCLUDES -DWNCK_DISABLE_DEPRECATED -DWNCK_DISABLE_SINGLE_INCLUDES -DLIBSOUP_DISABLE_DEPRECATED -DLIBSOUP_DISABLE_SINGLE_INCLUDES'
DLLTOOL='false'
DSYMUTIL=''
DUMPBIN=''
ECHO_C=''
ECHO_N='-n'
ECHO_T=''
EGREP='/bin/grep -E'
ENABLE_GTK_DOC_FALSE=''
ENABLE_GTK_DOC_TRUE='#'
ENABLE_MAN_FALSE='#'
ENABLE_MAN_TRUE=''
EXEEXT=''
EXTRA_DIST += $(_HELP_C_EXTRA) $(_HELP_C_MEDIA)
EXTRA_DIST += $(foreach f,$(HELP_MEDIA),$(foreach lc,$(HELP_LINGUAS),$(wildcard $(lc)/$(f))))
EXTRA_DIST += $(foreach lc,$(HELP_LINGUAS),$(lc)/$(lc).po)
EXTRA_DIST += $(foreach lc,$(HELP_LINGUAS),$(lc)/$(lc).stamp)
EXTRA_DIST ?=
FGREP='/bin/grep -F'
GETTEXT_PACKAGE='cheese'
GLIB_COMPILE_SCHEMAS='/usr/lib/x86_64-linux-gnu/glib-2.0/glib-compile-schemas'
GLIB_MKENUMS='glib-mkenums'
GMSGFMT='/usr/bin/msgfmt'
GREP='/bin/grep'
GSETTINGS_DISABLE_SCHEMAS_COMPILE=''
GSETTINGS_RULES='
GST_INSPECT='/usr/bin/gst-inspect-1.0'
GTESTER='/usr/bin/gtester'
GTESTER_REPORT='/usr/bin/gtester-report'
GTKDOC_CHECK='gtkdoc-check.test'
GTKDOC_CHECK_PATH='/usr/bin/gtkdoc-check'
GTKDOC_DEPS_CFLAGS=''
GTKDOC_DEPS_LIBS=''
GTKDOC_MKPDF='/usr/bin/gtkdoc-mkpdf'
GTKDOC_REBASE='/usr/bin/gtkdoc-rebase'
GTK_DOC_BUILD_HTML_FALSE='#'
GTK_DOC_BUILD_HTML_TRUE=''
GTK_DOC_BUILD_PDF_FALSE=''
GTK_DOC_BUILD_PDF_TRUE='#'
GTK_DOC_USE_LIBTOOL_FALSE='#'
GTK_DOC_USE_LIBTOOL_TRUE=''
GTK_DOC_USE_REBASE_FALSE='#'
GTK_DOC_USE_REBASE_TRUE=''
HAVE_INTROSPECTION_FALSE='#'
HAVE_INTROSPECTION_TRUE=''
HAVE_XTEST_FALSE='#'
HAVE_XTEST_TRUE=''
HELP_DIR='${datadir}/help'
HELP_EXTRA ?=
HELP_FILES ?=
HELP_ID ?=
HELP_LINGUAS ?=
HELP_MEDIA ?=
HELP_POT ?=
HTML_DIR='${datadir}/gtk-doc/html'
INSTALL_DATA='${INSTALL} -m 644'
INSTALL_PROGRAM='${INSTALL}'
INSTALL_SCRIPT='${INSTALL}'
INSTALL_STRIP_PROGRAM='$(install_sh) -c -s'
INTLTOOL_CAVES_RULE='%.caves:     %.caves.in     $(INTLTOOL_MERGE) $(wildcard $(top_srcdir)/po/*.po) ; $(INTLTOOL_V_MERGE)LC_ALL=C $(INTLTOOL_MERGE) $(INTLTOOL_V_MERGE_OPTIONS) -d -u -c $(top_builddir)/po/.intltool-merge-cache $(top_srcdir)/po $< $@'
INTLTOOL_DESKTOP_RULE='%.desktop:   %.desktop.in   $(INTLTOOL_MERGE) $(wildcard $(top_srcdir)/po/*.po) ; $(INTLTOOL_V_MERGE)LC_ALL=C $(INTLTOOL_MERGE) $(INTLTOOL_V_MERGE_OPTIONS) -d -u -c $(top_builddir)/po/.intltool-merge-cache $(top_srcdir)/po $< $@'
INTLTOOL_DIRECTORY_RULE='%.directory: %.directory.in $(INTLTOOL_MERGE) $(wildcard $(top_srcdir)/po/*.po) ; $(INTLTOOL_V_MERGE)LC_ALL=C $(INTLTOOL_MERGE) $(INTLTOOL_V_MERGE_OPTIONS) -d -u -c $(top_builddir)/po/.intltool-merge-cache $(top_srcdir)/po $< $@'
INTLTOOL_EXTRACT='/usr/bin/intltool-extract'
INTLTOOL_KBD_RULE='%.kbd:       %.kbd.in       $(INTLTOOL_MERGE) $(wildcard $(top_srcdir)/po/*.po) ; $(INTLTOOL_V_MERGE)LC_ALL=C $(INTLTOOL_MERGE) $(INTLTOOL_V_MERGE_OPTIONS) -x -u -m -c $(top_builddir)/po/.intltool-merge-cache $(top_srcdir)/po $< $@'
INTLTOOL_KEYS_RULE='%.keys:      %.keys.in      $(INTLTOOL_MERGE) $(wildcard $(top_srcdir)/po/*.po) ; $(INTLTOOL_V_MERGE)LC_ALL=C $(INTLTOOL_MERGE) $(INTLTOOL_V_MERGE_OPTIONS) -k -u -c $(top_builddir)/po/.intltool-merge-cache $(top_srcdir)/po $< $@'
INTLTOOL_MERGE='/usr/bin/intltool-merge'
INTLTOOL_OAF_RULE='%.oaf:       %.oaf.in       $(INTLTOOL_MERGE) $(wildcard $(top_srcdir)/po/*.po) ; $(INTLTOOL_V_MERGE)LC_ALL=C $(INTLTOOL_MERGE) $(INTLTOOL_V_MERGE_OPTIONS) -o -p $(top_srcdir)/po $< $@'
INTLTOOL_PERL='/usr/bin/perl'
INTLTOOL_POLICY_RULE='%.policy:    %.policy.in    $(INTLTOOL_MERGE) $(wildcard $(top_srcdir)/po/*.po) ; $(INTLTOOL_V_MERGE)LC_ALL=C $(INTLTOOL_MERGE) $(INTLTOOL_V_MERGE_OPTIONS) -x -u -c $(top_builddir)/po/.intltool-merge-cache $(top_srcdir)/po $< $@'
INTLTOOL_PONG_RULE='%.pong:      %.pong.in      $(INTLTOOL_MERGE) $(wildcard $(top_srcdir)/po/*.po) ; $(INTLTOOL_V_MERGE)LC_ALL=C $(INTLTOOL_MERGE) $(INTLTOOL_V_MERGE_OPTIONS) -x -u -c $(top_builddir)/po/.intltool-merge-cache $(top_srcdir)/po $< $@'
INTLTOOL_PROP_RULE='%.prop:      %.prop.in      $(INTLTOOL_MERGE) $(wildcard $(top_srcdir)/po/*.po) ; $(INTLTOOL_V_MERGE)LC_ALL=C $(INTLTOOL_MERGE) $(INTLTOOL_V_MERGE_OPTIONS) -d -u -c $(top_builddir)/po/.intltool-merge-cache $(top_srcdir)/po $< $@'
INTLTOOL_SCHEMAS_RULE='%.schemas:   %.schemas.in   $(INTLTOOL_MERGE) $(wildcard $(top_srcdir)/po/*.po) ; $(INTLTOOL_V_MERGE)LC_ALL=C $(INTLTOOL_MERGE) $(INTLTOOL_V_MERGE_OPTIONS) -s -u -c $(top_builddir)/po/.intltool-merge-cache $(top_srcdir)/po $< $@'
INTLTOOL_SERVER_RULE='%.server:    %.server.in    $(INTLTOOL_MERGE) $(wildcard $(top_srcdir)/po/*.po) ; $(INTLTOOL_V_MERGE)LC_ALL=C $(INTLTOOL_MERGE) $(INTLTOOL_V_MERGE_OPTIONS) -o -u -c $(top_builddir)/po/.intltool-merge-cache $(top_srcdir)/po $< $@'
INTLTOOL_SERVICE_RULE='%.service: %.service.in   $(INTLTOOL_MERGE) $(wildcard $(top_srcdir)/po/*.po) ; $(INTLTOOL_V_MERGE)LC_ALL=C $(INTLTOOL_MERGE) $(INTLTOOL_V_MERGE_OPTIONS) -d -u -c $(top_builddir)/po/.intltool-merge-cache $(top_srcdir)/po $< $@'
INTLTOOL_SHEET_RULE='%.sheet:     %.sheet.in     $(INTLTOOL_MERGE) $(wildcard $(top_srcdir)/po/*.po) ; $(INTLTOOL_V_MERGE)LC_ALL=C $(INTLTOOL_MERGE) $(INTLTOOL_V_MERGE_OPTIONS) -x -u -c $(top_builddir)/po/.intltool-merge-cache $(top_srcdir)/po $< $@'
INTLTOOL_SOUNDLIST_RULE='%.soundlist: %.soundlist.in $(INTLTOOL_MERGE) $(wildcard $(top_srcdir)/po/*.po) ; $(INTLTOOL_V_MERGE)LC_ALL=C $(INTLTOOL_MERGE) $(INTLTOOL_V_MERGE_OPTIONS) -d -u -c $(top_builddir)/po/.intltool-merge-cache $(top_srcdir)/po $< $@'
INTLTOOL_THEME_RULE='%.theme:     %.theme.in     $(INTLTOOL_MERGE) $(wildcard $(top_srcdir)/po/*.po) ; $(INTLTOOL_V_MERGE)LC_ALL=C $(INTLTOOL_MERGE) $(INTLTOOL_V_MERGE_OPTIONS) -d -u -c $(top_builddir)/po/.intltool-merge-cache $(top_srcdir)/po $< $@'
INTLTOOL_UI_RULE='%.ui:        %.ui.in        $(INTLTOOL_MERGE) $(wildcard $(top_srcdir)/po/*.po) ; $(INTLTOOL_V_MERGE)LC_ALL=C $(INTLTOOL_MERGE) $(INTLTOOL_V_MERGE_OPTIONS) -x -u -c $(top_builddir)/po/.intltool-merge-cache $(top_srcdir)/po $< $@'
INTLTOOL_UPDATE='/usr/bin/intltool-update'
INTLTOOL_V_MERGE='$(INTLTOOL__v_MERGE_$(V))'
INTLTOOL_V_MERGE_OPTIONS='$(intltool__v_merge_options_$(V))'
INTLTOOL_XAM_RULE='%.xam:       %.xml.in       $(INTLTOOL_MERGE) $(wildcard $(top_srcdir)/po/*.po) ; $(INTLTOOL_V_MERGE)LC_ALL=C $(INTLTOOL_MERGE) $(INTLTOOL_V_MERGE_OPTIONS) -x -u -c $(top_builddir)/po/.intltool-merge-cache $(top_srcdir)/po $< $@'
INTLTOOL_XML_NOMERGE_RULE='%.xml:       %.xml.in       $(INTLTOOL_MERGE) ; $(INTLTOOL_V_MERGE)LC_ALL=C $(INTLTOOL_MERGE) $(INTLTOOL_V_MERGE_OPTIONS) -x -u --no-translations $< $@'
INTLTOOL_XML_RULE='%.xml:       %.xml.in       $(INTLTOOL_MERGE) $(wildcard $(top_srcdir)/po/*.po) ; $(INTLTOOL_V_MERGE)LC_ALL=C $(INTLTOOL_MERGE) $(INTLTOOL_V_MERGE_OPTIONS) -x -u -c $(top_builddir)/po/.intltool-merge-cache $(top_srcdir)/po $< $@'
INTLTOOL__v_MERGE_0='@echo "  ITMRG " $@;'
INTLTOOL__v_MERGE_='$(INTLTOOL__v_MERGE_$(AM_DEFAULT_VERBOSITY))'
INTROSPECTION_CFLAGS='-pthread -I/usr/include/glib-2.0 -I/usr/lib/x86_64-linux-gnu/glib-2.0/include -I/usr/include/gobject-introspection-1.0  '
INTROSPECTION_COMPILER='/usr/bin/g-ir-compiler'
INTROSPECTION_GENERATE='/usr/bin/g-ir-generate'
INTROSPECTION_GIRDIR='/usr/share/gir-1.0'
INTROSPECTION_LIBS='-lgirepository-1.0 -lgobject-2.0 -lglib-2.0  '
INTROSPECTION_MAKEFILE='/usr/share/gobject-introspection-1.0/Makefile.introspection'
INTROSPECTION_SCANNER='/usr/bin/g-ir-scanner'
INTROSPECTION_TYPELIBDIR='/usr/lib/girepository-1.0'
ITSTOOL='itstool'
LCOV='notfound'
LCOV_GENHTML='notfound'
LD='/usr/bin/ld -m elf_x86_64'
LDFLAGS=''
LIBCHEESE_GTK_LT_VERSION='23:17:0'
LIBCHEESE_LT_VERSION='7:17:0'
LIBOBJS=''
LIBS=''
LIBTOOL='$(SHELL) $(top_builddir)/libtool'
LIPO=''
LN_S='cp -pR'
LTLIBOBJS=''
MAINT=''
MAINTAINER_MODE_FALSE='#'
MAINTAINER_MODE_TRUE=''
MAKEINFO='${SHELL} /media/sf_Ddrive/cheese-3.10.2/build-aux/missing makeinfo'
MANIFEST_TOOL=':'
MKDIR_P='/bin/mkdir -p'
MSGFMT='/usr/bin/msgfmt'
MSGMERGE='/usr/bin/msgmerge'
NM='/usr/bin/nm -B'
NMEDIT=''
OBJDUMP='objdump'
OBJEXT='o'
OTOOL64=''
OTOOL=''
PACKAGE='cheese'
PACKAGE_BUGREPORT='https://bugzilla.gnome.org/enter_bug.cgi?product=cheese'
PACKAGE_NAME='Cheese'
PACKAGE_STRING='Cheese 3.10.2'
PACKAGE_TARNAME='cheese'
PACKAGE_URL='http://projects.gnome.org/cheese/'
PACKAGE_VERSION='3.10.2'
PATH_SEPARATOR=':'
PKG_CONFIG='/usr/bin/pkg-config'
PKG_CONFIG_LIBDIR=''
PKG_CONFIG_PATH=''
RANLIB='ranlib'
SED='/bin/sed'
SET_MAKE=''
SHELL='/bin/bash'
STRIP='strip'
USE_NLS='yes'
VALAC='/usr/bin/valac'
VERSION='3.10.2'
WARN_CFLAGS=' -Wall -Wstrict-prototypes -Wnested-externs -Werror=missing-prototypes -Werror=implicit-function-declaration -Werror=pointer-arith -Werror=init-self -Werror=format-security -Werror=format=2 -Werror=missing-include-dirs '
XGETTEXT='/usr/bin/xgettext'
XMLCATALOG='/usr/bin/xmlcatalog'
XMLLINT='xmllint'
XML_CATALOG_FILE='/etc/xml/catalog'
XTEST_LIBS='-lX11 -lXtst'
YELP_HELP_RULES='
_HELP_C_EXTRA = $(foreach f,$(HELP_EXTRA),C/$(f))
_HELP_C_FILES = $(foreach f,$(HELP_FILES),C/$(f))
_HELP_C_MEDIA = $(foreach f,$(HELP_MEDIA),C/$(f))
_HELP_DEFAULT_V = $(if $(AM_DEFAULT_VERBOSITY),$(AM_DEFAULT_VERBOSITY),1)
_HELP_LC_FILES = $(foreach lc,$(_HELP_LINGUAS),$(foreach f,$(HELP_FILES),$(lc)/$(f)))
_HELP_LC_STAMPS = $(foreach lc,$(_HELP_LINGUAS),$(lc)/$(lc).stamp)
_HELP_LC_VERBOSE = $(_HELP_LC_VERBOSE_$(_HELP_V))
_HELP_LC_VERBOSE_ = $(_HELP_LC_VERBOSE_$(_HELP_DEFAULT_V))
_HELP_LC_VERBOSE_0 = @echo "  GEN    "$(dir $@);
_HELP_LINGUAS = $(if $(filter environment,$(origin LINGUAS)),$(filter $(LINGUAS),$(HELP_LINGUAS)),$(HELP_LINGUAS))
_HELP_MOFILES = $(patsubst %.po,%.mo,$(_HELP_POFILES))
_HELP_POFILES = $(if $(HELP_ID),$(foreach lc,$(_HELP_LINGUAS),$(lc)/$(lc).po))
_HELP_POTFILE = $(if $(HELP_POT),$(HELP_POT),$(if $(HELP_ID),$(HELP_ID).pot))
_HELP_V = $(if $(V),$(V),$(_HELP_DEFAULT_V))
ac_ct_AR='ar'
ac_ct_CC='gcc'
ac_ct_DUMPBIN=''
all-am: $(gsettings_SCHEMAS:.xml=.valid)
all: $(_HELP_C_FILES) $(_HELP_C_EXTRA) $(_HELP_C_MEDIA) $(_HELP_LC_FILES) $(_HELP_POFILES)
am__EXEEXT_FALSE=''
am__EXEEXT_TRUE='#'
am__fastdepCC_FALSE='#'
am__fastdepCC_TRUE=''
am__include='include'
am__isrc=''
am__leading_dot='.'
am__nodep='_no'
am__quote=''
am__tar='$${TAR-tar} chof - "$$tardir"'
am__untar='$${TAR-tar} xf -'
bindir='${exec_prefix}/bin'
build='x86_64-unknown-linux-gnu'
build_alias=''
build_cpu='x86_64'
build_os='linux-gnu'
build_vendor='unknown'
check-help:
check: check-help
clean-gsettings-schemas:
clean-help:
datadir='${datarootdir}'
datarootdir='${prefix}/share'
distdir-help-files:
distdir: distdir-help-files
docdir='${datarootdir}/doc/${PACKAGE_TARNAME}'
dvidir='${docdir}'
endif'
exec_prefix='${prefix}'
gsettings__enum_file = $(addsuffix .enums.xml,$(gsettings_ENUM_NAMESPACE))
gsettingsschemadir='${datarootdir}/glib-2.0/schemas'
have_xsltproc='yes'
host='x86_64-unknown-linux-gnu'
host_alias=''
host_cpu='x86_64'
host_os='linux-gnu'
host_vendor='unknown'
htmldir='${docdir}'
ifdef gsettings_ENUM_NAMESPACE
includedir='${prefix}/include'
infodir='${datarootdir}/info'
install-data-am: $(if $(HELP_ID),install-help)
install-data-am: install-gsettings-schemas
install-gsettings-schemas: $(gsettings_SCHEMAS) $(gsettings__enum_file)
install-help:
install_sh='${SHELL} /media/sf_Ddrive/cheese-3.10.2/build-aux/install-sh'
intltool__v_merge_options_0='-q'
intltool__v_merge_options_='$(intltool__v_merge_options_$(AM_DEFAULT_VERBOSITY))'
libdir='${exec_prefix}/lib'
libexecdir='${exec_prefix}/libexec'
localedir='${datarootdir}/locale'
localstatedir='${prefix}/var'
mandir='${datarootdir}/man'
mkdir_p='$(MKDIR_P)'
mostlyclean-am: $(if $(HELP_ID),clean-help)
mostlyclean-am: clean-gsettings-schemas
oldincludedir='/usr/include'
pdfdir='${docdir}'
pot: $(_HELP_POTFILE)
prefix='/usr/local'
program_transform_name='s,x,x,'
psdir='${docdir}'
repo: $(_HELP_POTFILE)
sbindir='${exec_prefix}/sbin'
sharedstatedir='${prefix}/com'
sysconfdir='${prefix}/etc'
target_alias=''
uninstall-am: $(if $(HELP_ID),uninstall-help)
uninstall-am: uninstall-gsettings-schemas
uninstall-gsettings-schemas:
uninstall-help:

## ----------- ##
## confdefs.h. ##
## ----------- ##

/* confdefs.h */
#define PACKAGE_NAME "Cheese"
#define PACKAGE_TARNAME "cheese"
#define PACKAGE_VERSION "3.10.2"
#define PACKAGE_STRING "Cheese 3.10.2"
#define PACKAGE_BUGREPORT "https://bugzilla.gnome.org/enter_bug.cgi?product=cheese"
#define PACKAGE_URL "http://projects.gnome.org/cheese/"
#define STDC_HEADERS 1
#define HAVE_SYS_TYPES_H 1
#define HAVE_SYS_STAT_H 1
#define HAVE_STDLIB_H 1
#define HAVE_STRING_H 1
#define HAVE_MEMORY_H 1
#define HAVE_STRINGS_H 1
#define HAVE_INTTYPES_H 1
#define HAVE_STDINT_H 1
#define HAVE_UNISTD_H 1
#define HAVE_DLFCN_H 1
#define LT_OBJDIR ".libs/"
#define GETTEXT_PACKAGE "cheese"
#define HAVE_UDEV /**/

configure: exit 0
